{"/home/qwerty/eventTicketingSystem/frontend/src/App.js": {"path":"/home/qwerty/eventTicketingSystem/frontend/src/App.js","statementMap":{"0":{"start":{"line":29,"column":4},"end":{"line":53,"column":6}}},"fnMap":{"0":{"name":"App","decl":{"start":{"line":28,"column":9},"end":{"line":28,"column":12}},"loc":{"start":{"line":28,"column":15},"end":{"line":54,"column":1}},"line":28}},"branchMap":{},"s":{"0":0},"f":{"0":0},"b":{}}
,"/home/qwerty/eventTicketingSystem/frontend/src/index.js": {"path":"/home/qwerty/eventTicketingSystem/frontend/src/index.js","statementMap":{"0":{"start":{"line":5,"column":13},"end":{"line":5,"column":65}},"1":{"start":{"line":6,"column":0},"end":{"line":10,"column":2}}},"fnMap":{},"branchMap":{},"s":{"0":0,"1":0},"f":{},"b":{}}
,"/home/qwerty/eventTicketingSystem/frontend/src/api/axiosConfig.js": {"path":"/home/qwerty/eventTicketingSystem/frontend/src/api/axiosConfig.js","statementMap":{"0":{"start":{"line":7,"column":22},"end":{"line":13,"column":2}},"1":{"start":{"line":16,"column":0},"end":{"line":30,"column":2}},"2":{"start":{"line":19,"column":22},"end":{"line":19,"column":51}},"3":{"start":{"line":20,"column":8},"end":{"line":22,"column":9}},"4":{"start":{"line":21,"column":12},"end":{"line":21,"column":61}},"5":{"start":{"line":24,"column":8},"end":{"line":24,"column":77}},"6":{"start":{"line":25,"column":8},"end":{"line":25,"column":22}},"7":{"start":{"line":28,"column":8},"end":{"line":28,"column":37}},"8":{"start":{"line":33,"column":0},"end":{"line":59,"column":2}},"9":{"start":{"line":35,"column":8},"end":{"line":35,"column":75}},"10":{"start":{"line":36,"column":8},"end":{"line":36,"column":24}},"11":{"start":{"line":39,"column":8},"end":{"line":56,"column":9}},"12":{"start":{"line":40,"column":12},"end":{"line":40,"column":84}},"13":{"start":{"line":43,"column":12},"end":{"line":51,"column":13}},"14":{"start":{"line":44,"column":16},"end":{"line":44,"column":49}},"15":{"start":{"line":45,"column":16},"end":{"line":45,"column":48}},"16":{"start":{"line":47,"column":16},"end":{"line":50,"column":17}},"17":{"start":{"line":49,"column":20},"end":{"line":49,"column":52}},"18":{"start":{"line":52,"column":15},"end":{"line":56,"column":9}},"19":{"start":{"line":53,"column":12},"end":{"line":53,"column":59}},"20":{"start":{"line":55,"column":12},"end":{"line":55,"column":51}},"21":{"start":{"line":57,"column":8},"end":{"line":57,"column":37}}},"fnMap":{"0":{"name":"(anonymous_0)","decl":{"start":{"line":17,"column":4},"end":{"line":17,"column":5}},"loc":{"start":{"line":17,"column":16},"end":{"line":26,"column":5}},"line":17},"1":{"name":"(anonymous_1)","decl":{"start":{"line":27,"column":4},"end":{"line":27,"column":5}},"loc":{"start":{"line":27,"column":15},"end":{"line":29,"column":5}},"line":27},"2":{"name":"(anonymous_2)","decl":{"start":{"line":34,"column":4},"end":{"line":34,"column":5}},"loc":{"start":{"line":34,"column":18},"end":{"line":37,"column":5}},"line":34},"3":{"name":"(anonymous_3)","decl":{"start":{"line":38,"column":4},"end":{"line":38,"column":5}},"loc":{"start":{"line":38,"column":15},"end":{"line":58,"column":5}},"line":38}},"branchMap":{"0":{"loc":{"start":{"line":20,"column":8},"end":{"line":22,"column":9}},"type":"if","locations":[{"start":{"line":20,"column":8},"end":{"line":22,"column":9}},{"start":{},"end":{}}],"line":20},"1":{"loc":{"start":{"line":39,"column":8},"end":{"line":56,"column":9}},"type":"if","locations":[{"start":{"line":39,"column":8},"end":{"line":56,"column":9}},{"start":{"line":52,"column":15},"end":{"line":56,"column":9}}],"line":39},"2":{"loc":{"start":{"line":43,"column":12},"end":{"line":51,"column":13}},"type":"if","locations":[{"start":{"line":43,"column":12},"end":{"line":51,"column":13}},{"start":{},"end":{}}],"line":43},"3":{"loc":{"start":{"line":47,"column":16},"end":{"line":50,"column":17}},"type":"if","locations":[{"start":{"line":47,"column":16},"end":{"line":50,"column":17}},{"start":{},"end":{}}],"line":47},"4":{"loc":{"start":{"line":47,"column":20},"end":{"line":48,"column":67}},"type":"binary-expr","locations":[{"start":{"line":47,"column":20},"end":{"line":47,"column":64}},{"start":{"line":48,"column":20},"end":{"line":48,"column":67}}],"line":47},"5":{"loc":{"start":{"line":52,"column":15},"end":{"line":56,"column":9}},"type":"if","locations":[{"start":{"line":52,"column":15},"end":{"line":56,"column":9}},{"start":{"line":54,"column":15},"end":{"line":56,"column":9}}],"line":52}},"s":{"0":0,"1":0,"2":0,"3":0,"4":0,"5":0,"6":0,"7":0,"8":0,"9":0,"10":0,"11":0,"12":0,"13":0,"14":0,"15":0,"16":0,"17":0,"18":0,"19":0,"20":0,"21":0},"f":{"0":0,"1":0,"2":0,"3":0},"b":{"0":[0,0],"1":[0,0],"2":[0,0],"3":[0,0],"4":[0,0],"5":[0,0]}}
,"/home/qwerty/eventTicketingSystem/frontend/src/components/AboutSection.js": {"path":"/home/qwerty/eventTicketingSystem/frontend/src/components/AboutSection.js","statementMap":{"0":{"start":{"line":7,"column":21},"end":{"line":28,"column":5}},"1":{"start":{"line":30,"column":4},"end":{"line":90,"column":6}},"2":{"start":{"line":74,"column":36},"end":{"line":82,"column":42}}},"fnMap":{"0":{"name":"AboutSection","decl":{"start":{"line":6,"column":9},"end":{"line":6,"column":21}},"loc":{"start":{"line":6,"column":24},"end":{"line":91,"column":1}},"line":6},"1":{"name":"(anonymous_1)","decl":{"start":{"line":73,"column":46},"end":{"line":73,"column":47}},"loc":{"start":{"line":74,"column":36},"end":{"line":82,"column":42}},"line":74}},"branchMap":{},"s":{"0":0,"1":0,"2":0},"f":{"0":0,"1":0},"b":{}}
,"/home/qwerty/eventTicketingSystem/frontend/src/components/Categories.js": {"path":"/home/qwerty/eventTicketingSystem/frontend/src/components/Categories.js","statementMap":{"0":{"start":{"line":7,"column":23},"end":{"line":50,"column":5}},"1":{"start":{"line":52,"column":4},"end":{"line":84,"column":6}},"2":{"start":{"line":68,"column":24},"end":{"line":79,"column":30}}},"fnMap":{"0":{"name":"Categories","decl":{"start":{"line":6,"column":9},"end":{"line":6,"column":19}},"loc":{"start":{"line":6,"column":22},"end":{"line":85,"column":1}},"line":6},"1":{"name":"(anonymous_1)","decl":{"start":{"line":67,"column":36},"end":{"line":67,"column":37}},"loc":{"start":{"line":68,"column":24},"end":{"line":79,"column":30}},"line":68}},"branchMap":{},"s":{"0":0,"1":0,"2":0},"f":{"0":0,"1":0},"b":{}}
,"/home/qwerty/eventTicketingSystem/frontend/src/components/CheckoutForm.js": {"path":"/home/qwerty/eventTicketingSystem/frontend/src/components/CheckoutForm.js","statementMap":{"0":{"start":{"line":6,"column":36},"end":{"line":9,"column":6}},"1":{"start":{"line":11,"column":32},"end":{"line":11,"column":44}},"2":{"start":{"line":12,"column":34},"end":{"line":12,"column":46}},"3":{"start":{"line":14,"column":25},"end":{"line":25,"column":5}},"4":{"start":{"line":15,"column":8},"end":{"line":17,"column":9}},"5":{"start":{"line":16,"column":12},"end":{"line":16,"column":38}},"6":{"start":{"line":18,"column":8},"end":{"line":20,"column":9}},"7":{"start":{"line":19,"column":12},"end":{"line":19,"column":56}},"8":{"start":{"line":21,"column":8},"end":{"line":23,"column":9}},"9":{"start":{"line":22,"column":12},"end":{"line":22,"column":62}},"10":{"start":{"line":24,"column":8},"end":{"line":24,"column":18}},"11":{"start":{"line":27,"column":26},"end":{"line":36,"column":5}},"12":{"start":{"line":28,"column":8},"end":{"line":30,"column":9}},"13":{"start":{"line":29,"column":12},"end":{"line":29,"column":46}},"14":{"start":{"line":31,"column":27},"end":{"line":31,"column":49}},"15":{"start":{"line":32,"column":8},"end":{"line":34,"column":9}},"16":{"start":{"line":33,"column":12},"end":{"line":33,"column":83}},"17":{"start":{"line":35,"column":8},"end":{"line":35,"column":18}},"18":{"start":{"line":38,"column":25},"end":{"line":46,"column":5}},"19":{"start":{"line":39,"column":32},"end":{"line":39,"column":40}},"20":{"start":{"line":40,"column":8},"end":{"line":40,"column":58}},"21":{"start":{"line":40,"column":29},"end":{"line":40,"column":55}},"22":{"start":{"line":42,"column":8},"end":{"line":45,"column":9}},"23":{"start":{"line":43,"column":26},"end":{"line":43,"column":90}},"24":{"start":{"line":44,"column":12},"end":{"line":44,"column":60}},"25":{"start":{"line":44,"column":31},"end":{"line":44,"column":57}},"26":{"start":{"line":48,"column":23},"end":{"line":53,"column":5}},"27":{"start":{"line":49,"column":32},"end":{"line":49,"column":40}},"28":{"start":{"line":50,"column":8},"end":{"line":50,"column":56}},"29":{"start":{"line":50,"column":28},"end":{"line":50,"column":53}},"30":{"start":{"line":51,"column":22},"end":{"line":51,"column":86}},"31":{"start":{"line":52,"column":8},"end":{"line":52,"column":56}},"32":{"start":{"line":52,"column":27},"end":{"line":52,"column":53}},"33":{"start":{"line":55,"column":25},"end":{"line":74,"column":5}},"34":{"start":{"line":56,"column":8},"end":{"line":56,"column":27}},"35":{"start":{"line":58,"column":26},"end":{"line":58,"column":57}},"36":{"start":{"line":59,"column":27},"end":{"line":59,"column":62}},"37":{"start":{"line":61,"column":8},"end":{"line":71,"column":9}},"38":{"start":{"line":62,"column":12},"end":{"line":65,"column":15}},"39":{"start":{"line":66,"column":12},"end":{"line":69,"column":15}},"40":{"start":{"line":70,"column":12},"end":{"line":70,"column":19}},"41":{"start":{"line":73,"column":8},"end":{"line":73,"column":27}},"42":{"start":{"line":76,"column":24},"end":{"line":82,"column":5}},"43":{"start":{"line":77,"column":8},"end":{"line":81,"column":25}},"44":{"start":{"line":84,"column":4},"end":{"line":196,"column":6}}},"fnMap":{"0":{"name":"CheckoutForm","decl":{"start":{"line":5,"column":9},"end":{"line":5,"column":21}},"loc":{"start":{"line":5,"column":52},"end":{"line":197,"column":1}},"line":5},"1":{"name":"(anonymous_1)","decl":{"start":{"line":14,"column":25},"end":{"line":14,"column":26}},"loc":{"start":{"line":14,"column":35},"end":{"line":25,"column":5}},"line":14},"2":{"name":"(anonymous_2)","decl":{"start":{"line":27,"column":26},"end":{"line":27,"column":27}},"loc":{"start":{"line":27,"column":37},"end":{"line":36,"column":5}},"line":27},"3":{"name":"(anonymous_3)","decl":{"start":{"line":38,"column":25},"end":{"line":38,"column":26}},"loc":{"start":{"line":38,"column":32},"end":{"line":46,"column":5}},"line":38},"4":{"name":"(anonymous_4)","decl":{"start":{"line":40,"column":20},"end":{"line":40,"column":21}},"loc":{"start":{"line":40,"column":29},"end":{"line":40,"column":55}},"line":40},"5":{"name":"(anonymous_5)","decl":{"start":{"line":44,"column":22},"end":{"line":44,"column":23}},"loc":{"start":{"line":44,"column":31},"end":{"line":44,"column":57}},"line":44},"6":{"name":"(anonymous_6)","decl":{"start":{"line":48,"column":23},"end":{"line":48,"column":24}},"loc":{"start":{"line":48,"column":30},"end":{"line":53,"column":5}},"line":48},"7":{"name":"(anonymous_7)","decl":{"start":{"line":50,"column":19},"end":{"line":50,"column":20}},"loc":{"start":{"line":50,"column":28},"end":{"line":50,"column":53}},"line":50},"8":{"name":"(anonymous_8)","decl":{"start":{"line":52,"column":18},"end":{"line":52,"column":19}},"loc":{"start":{"line":52,"column":27},"end":{"line":52,"column":53}},"line":52},"9":{"name":"(anonymous_9)","decl":{"start":{"line":55,"column":25},"end":{"line":55,"column":26}},"loc":{"start":{"line":55,"column":32},"end":{"line":74,"column":5}},"line":55},"10":{"name":"(anonymous_10)","decl":{"start":{"line":76,"column":24},"end":{"line":76,"column":25}},"loc":{"start":{"line":76,"column":35},"end":{"line":82,"column":5}},"line":76}},"branchMap":{"0":{"loc":{"start":{"line":15,"column":8},"end":{"line":17,"column":9}},"type":"if","locations":[{"start":{"line":15,"column":8},"end":{"line":17,"column":9}},{"start":{},"end":{}}],"line":15},"1":{"loc":{"start":{"line":18,"column":8},"end":{"line":20,"column":9}},"type":"if","locations":[{"start":{"line":18,"column":8},"end":{"line":20,"column":9}},{"start":{},"end":{}}],"line":18},"2":{"loc":{"start":{"line":21,"column":8},"end":{"line":23,"column":9}},"type":"if","locations":[{"start":{"line":21,"column":8},"end":{"line":23,"column":9}},{"start":{},"end":{}}],"line":21},"3":{"loc":{"start":{"line":28,"column":8},"end":{"line":30,"column":9}},"type":"if","locations":[{"start":{"line":28,"column":8},"end":{"line":30,"column":9}},{"start":{},"end":{}}],"line":28},"4":{"loc":{"start":{"line":32,"column":8},"end":{"line":34,"column":9}},"type":"if","locations":[{"start":{"line":32,"column":8},"end":{"line":34,"column":9}},{"start":{},"end":{}}],"line":32},"5":{"loc":{"start":{"line":42,"column":8},"end":{"line":45,"column":9}},"type":"if","locations":[{"start":{"line":42,"column":8},"end":{"line":45,"column":9}},{"start":{},"end":{}}],"line":42},"6":{"loc":{"start":{"line":43,"column":26},"end":{"line":43,"column":90}},"type":"cond-expr","locations":[{"start":{"line":43,"column":48},"end":{"line":43,"column":67}},{"start":{"line":43,"column":70},"end":{"line":43,"column":90}}],"line":43},"7":{"loc":{"start":{"line":51,"column":22},"end":{"line":51,"column":86}},"type":"cond-expr","locations":[{"start":{"line":51,"column":44},"end":{"line":51,"column":63}},{"start":{"line":51,"column":66},"end":{"line":51,"column":86}}],"line":51},"8":{"loc":{"start":{"line":61,"column":8},"end":{"line":71,"column":9}},"type":"if","locations":[{"start":{"line":61,"column":8},"end":{"line":71,"column":9}},{"start":{},"end":{}}],"line":61},"9":{"loc":{"start":{"line":61,"column":12},"end":{"line":61,"column":35}},"type":"binary-expr","locations":[{"start":{"line":61,"column":12},"end":{"line":61,"column":21}},{"start":{"line":61,"column":25},"end":{"line":61,"column":35}}],"line":61},"10":{"loc":{"start":{"line":107,"column":31},"end":{"line":107,"column":66}},"type":"binary-expr","locations":[{"start":{"line":107,"column":31},"end":{"line":107,"column":47}},{"start":{"line":107,"column":51},"end":{"line":107,"column":66}}],"line":107},"11":{"loc":{"start":{"line":108,"column":29},"end":{"line":108,"column":86}},"type":"binary-expr","locations":[{"start":{"line":108,"column":29},"end":{"line":108,"column":45}},{"start":{"line":108,"column":49},"end":{"line":108,"column":65}},{"start":{"line":108,"column":69},"end":{"line":108,"column":86}}],"line":108},"12":{"loc":{"start":{"line":111,"column":34},"end":{"line":111,"column":88}},"type":"cond-expr","locations":[{"start":{"line":111,"column":72},"end":{"line":111,"column":78}},{"start":{"line":111,"column":81},"end":{"line":111,"column":88}}],"line":111},"13":{"loc":{"start":{"line":111,"column":34},"end":{"line":111,"column":69}},"type":"binary-expr","locations":[{"start":{"line":111,"column":34},"end":{"line":111,"column":50}},{"start":{"line":111,"column":54},"end":{"line":111,"column":69}}],"line":111},"14":{"loc":{"start":{"line":112,"column":38},"end":{"line":112,"column":84}},"type":"cond-expr","locations":[{"start":{"line":112,"column":56},"end":{"line":112,"column":72}},{"start":{"line":112,"column":75},"end":{"line":112,"column":84}}],"line":112},"15":{"loc":{"start":{"line":114,"column":17},"end":{"line":119,"column":17}},"type":"binary-expr","locations":[{"start":{"line":114,"column":17},"end":{"line":114,"column":33}},{"start":{"line":114,"column":37},"end":{"line":114,"column":52}},{"start":{"line":115,"column":20},"end":{"line":118,"column":44}}],"line":114},"16":{"loc":{"start":{"line":120,"column":17},"end":{"line":125,"column":17}},"type":"binary-expr","locations":[{"start":{"line":120,"column":17},"end":{"line":120,"column":33}},{"start":{"line":120,"column":37},"end":{"line":120,"column":53}},{"start":{"line":120,"column":57},"end":{"line":120,"column":74}},{"start":{"line":121,"column":20},"end":{"line":124,"column":44}}],"line":120},"17":{"loc":{"start":{"line":142,"column":31},"end":{"line":142,"column":72}},"type":"binary-expr","locations":[{"start":{"line":142,"column":31},"end":{"line":142,"column":50}},{"start":{"line":142,"column":54},"end":{"line":142,"column":72}}],"line":142},"18":{"loc":{"start":{"line":143,"column":29},"end":{"line":143,"column":95}},"type":"binary-expr","locations":[{"start":{"line":143,"column":29},"end":{"line":143,"column":48}},{"start":{"line":143,"column":52},"end":{"line":143,"column":71}},{"start":{"line":143,"column":75},"end":{"line":143,"column":95}}],"line":143},"19":{"loc":{"start":{"line":146,"column":34},"end":{"line":146,"column":94}},"type":"cond-expr","locations":[{"start":{"line":146,"column":78},"end":{"line":146,"column":84}},{"start":{"line":146,"column":87},"end":{"line":146,"column":94}}],"line":146},"20":{"loc":{"start":{"line":146,"column":34},"end":{"line":146,"column":75}},"type":"binary-expr","locations":[{"start":{"line":146,"column":34},"end":{"line":146,"column":53}},{"start":{"line":146,"column":57},"end":{"line":146,"column":75}}],"line":146},"21":{"loc":{"start":{"line":147,"column":38},"end":{"line":147,"column":116}},"type":"cond-expr","locations":[{"start":{"line":147,"column":59},"end":{"line":147,"column":95}},{"start":{"line":147,"column":98},"end":{"line":147,"column":116}}],"line":147},"22":{"loc":{"start":{"line":152,"column":17},"end":{"line":157,"column":17}},"type":"binary-expr","locations":[{"start":{"line":152,"column":17},"end":{"line":152,"column":36}},{"start":{"line":152,"column":40},"end":{"line":152,"column":58}},{"start":{"line":153,"column":20},"end":{"line":156,"column":44}}],"line":152},"23":{"loc":{"start":{"line":158,"column":17},"end":{"line":163,"column":17}},"type":"binary-expr","locations":[{"start":{"line":158,"column":17},"end":{"line":158,"column":36}},{"start":{"line":158,"column":40},"end":{"line":158,"column":59}},{"start":{"line":158,"column":63},"end":{"line":158,"column":83}},{"start":{"line":159,"column":20},"end":{"line":162,"column":44}}],"line":158},"24":{"loc":{"start":{"line":172,"column":32},"end":{"line":172,"column":112}},"type":"cond-expr","locations":[{"start":{"line":172,"column":42},"end":{"line":172,"column":62}},{"start":{"line":172,"column":65},"end":{"line":172,"column":112}}],"line":172},"25":{"loc":{"start":{"line":174,"column":21},"end":{"line":188,"column":21}},"type":"cond-expr","locations":[{"start":{"line":175,"column":24},"end":{"line":185,"column":27}},{"start":{"line":187,"column":24},"end":{"line":187,"column":73}}],"line":174}},"s":{"0":0,"1":0,"2":0,"3":0,"4":0,"5":0,"6":0,"7":0,"8":0,"9":0,"10":0,"11":0,"12":0,"13":0,"14":0,"15":0,"16":0,"17":0,"18":0,"19":0,"20":0,"21":0,"22":0,"23":0,"24":0,"25":0,"26":0,"27":0,"28":0,"29":0,"30":0,"31":0,"32":0,"33":0,"34":0,"35":0,"36":0,"37":0,"38":0,"39":0,"40":0,"41":0,"42":0,"43":0,"44":0},"f":{"0":0,"1":0,"2":0,"3":0,"4":0,"5":0,"6":0,"7":0,"8":0,"9":0,"10":0},"b":{"0":[0,0],"1":[0,0],"2":[0,0],"3":[0,0],"4":[0,0],"5":[0,0],"6":[0,0],"7":[0,0],"8":[0,0],"9":[0,0],"10":[0,0],"11":[0,0,0],"12":[0,0],"13":[0,0],"14":[0,0],"15":[0,0,0],"16":[0,0,0,0],"17":[0,0],"18":[0,0,0],"19":[0,0],"20":[0,0],"21":[0,0],"22":[0,0,0],"23":[0,0,0,0],"24":[0,0],"25":[0,0]}}
,"/home/qwerty/eventTicketingSystem/frontend/src/components/EventCalendar.js": {"path":"/home/qwerty/eventTicketingSystem/frontend/src/components/EventCalendar.js","statementMap":{"0":{"start":{"line":9,"column":42},"end":{"line":9,"column":62}},"1":{"start":{"line":12,"column":36},"end":{"line":12,"column":51}},"2":{"start":{"line":14,"column":4},"end":{"line":16,"column":22}},"3":{"start":{"line":15,"column":8},"end":{"line":15,"column":22}},"4":{"start":{"line":18,"column":19},"end":{"line":21,"column":5}},"5":{"start":{"line":23,"column":23},"end":{"line":23,"column":72}},"6":{"start":{"line":25,"column":27},"end":{"line":27,"column":5}},"7":{"start":{"line":26,"column":8},"end":{"line":26,"column":54}},"8":{"start":{"line":29,"column":31},"end":{"line":31,"column":5}},"9":{"start":{"line":30,"column":8},"end":{"line":30,"column":49}},"10":{"start":{"line":33,"column":26},"end":{"line":39,"column":5}},"11":{"start":{"line":34,"column":8},"end":{"line":38,"column":11}},"12":{"start":{"line":35,"column":28},"end":{"line":35,"column":42}},"13":{"start":{"line":36,"column":12},"end":{"line":36,"column":58}},"14":{"start":{"line":37,"column":12},"end":{"line":37,"column":27}},"15":{"start":{"line":41,"column":17},"end":{"line":41,"column":42}},"16":{"start":{"line":42,"column":18},"end":{"line":42,"column":40}},"17":{"start":{"line":43,"column":24},"end":{"line":43,"column":51}},"18":{"start":{"line":44,"column":21},"end":{"line":44,"column":52}},"19":{"start":{"line":45,"column":18},"end":{"line":45,"column":28}},"20":{"start":{"line":48,"column":24},"end":{"line":51,"column":6}},"21":{"start":{"line":49,"column":26},"end":{"line":49,"column":51}},"22":{"start":{"line":50,"column":8},"end":{"line":50,"column":82}},"23":{"start":{"line":54,"column":23},"end":{"line":54,"column":76}},"24":{"start":{"line":54,"column":44},"end":{"line":54,"column":75}},"25":{"start":{"line":57,"column":25},"end":{"line":57,"column":27}},"26":{"start":{"line":60,"column":26},"end":{"line":60,"column":57}},"27":{"start":{"line":61,"column":4},"end":{"line":67,"column":5}},"28":{"start":{"line":61,"column":17},"end":{"line":61,"column":29}},"29":{"start":{"line":62,"column":8},"end":{"line":66,"column":11}},"30":{"start":{"line":70,"column":4},"end":{"line":77,"column":5}},"31":{"start":{"line":70,"column":17},"end":{"line":70,"column":18}},"32":{"start":{"line":71,"column":8},"end":{"line":76,"column":11}},"33":{"start":{"line":80,"column":26},"end":{"line":80,"column":50}},"34":{"start":{"line":81,"column":4},"end":{"line":87,"column":5}},"35":{"start":{"line":81,"column":17},"end":{"line":81,"column":18}},"36":{"start":{"line":82,"column":8},"end":{"line":86,"column":11}},"37":{"start":{"line":90,"column":27},"end":{"line":90,"column":50}},"38":{"start":{"line":92,"column":4},"end":{"line":189,"column":6}},"39":{"start":{"line":115,"column":54},"end":{"line":115,"column":79}},"40":{"start":{"line":116,"column":36},"end":{"line":132,"column":38}},"41":{"start":{"line":151,"column":59},"end":{"line":151,"column":76}},"42":{"start":{"line":154,"column":59},"end":{"line":154,"column":75}},"43":{"start":{"line":162,"column":36},"end":{"line":164,"column":42}},"44":{"start":{"line":167,"column":36},"end":{"line":175,"column":42}}},"fnMap":{"0":{"name":"EventCalendar","decl":{"start":{"line":8,"column":9},"end":{"line":8,"column":22}},"loc":{"start":{"line":8,"column":25},"end":{"line":190,"column":1}},"line":8},"1":{"name":"(anonymous_1)","decl":{"start":{"line":14,"column":14},"end":{"line":14,"column":15}},"loc":{"start":{"line":14,"column":20},"end":{"line":16,"column":5}},"line":14},"2":{"name":"(anonymous_2)","decl":{"start":{"line":25,"column":27},"end":{"line":25,"column":28}},"loc":{"start":{"line":25,"column":44},"end":{"line":27,"column":5}},"line":25},"3":{"name":"(anonymous_3)","decl":{"start":{"line":29,"column":31},"end":{"line":29,"column":32}},"loc":{"start":{"line":29,"column":48},"end":{"line":31,"column":5}},"line":29},"4":{"name":"(anonymous_4)","decl":{"start":{"line":33,"column":26},"end":{"line":33,"column":27}},"loc":{"start":{"line":33,"column":41},"end":{"line":39,"column":5}},"line":33},"5":{"name":"(anonymous_5)","decl":{"start":{"line":34,"column":23},"end":{"line":34,"column":24}},"loc":{"start":{"line":34,"column":31},"end":{"line":38,"column":9}},"line":34},"6":{"name":"(anonymous_6)","decl":{"start":{"line":48,"column":38},"end":{"line":48,"column":39}},"loc":{"start":{"line":48,"column":47},"end":{"line":51,"column":5}},"line":48},"7":{"name":"(anonymous_7)","decl":{"start":{"line":54,"column":39},"end":{"line":54,"column":40}},"loc":{"start":{"line":54,"column":44},"end":{"line":54,"column":75}},"line":54},"8":{"name":"(anonymous_8)","decl":{"start":{"line":114,"column":51},"end":{"line":114,"column":52}},"loc":{"start":{"line":114,"column":69},"end":{"line":133,"column":33}},"line":114},"9":{"name":"(anonymous_9)","decl":{"start":{"line":151,"column":53},"end":{"line":151,"column":54}},"loc":{"start":{"line":151,"column":59},"end":{"line":151,"column":76}},"line":151},"10":{"name":"(anonymous_10)","decl":{"start":{"line":154,"column":53},"end":{"line":154,"column":54}},"loc":{"start":{"line":154,"column":59},"end":{"line":154,"column":75}},"line":154},"11":{"name":"(anonymous_11)","decl":{"start":{"line":161,"column":48},"end":{"line":161,"column":49}},"loc":{"start":{"line":162,"column":36},"end":{"line":164,"column":42}},"line":162},"12":{"name":"(anonymous_12)","decl":{"start":{"line":166,"column":50},"end":{"line":166,"column":51}},"loc":{"start":{"line":167,"column":36},"end":{"line":175,"column":42}},"line":167}},"branchMap":{"0":{"loc":{"start":{"line":50,"column":15},"end":{"line":50,"column":81}},"type":"binary-expr","locations":[{"start":{"line":50,"column":15},"end":{"line":50,"column":45}},{"start":{"line":50,"column":49},"end":{"line":50,"column":81}}],"line":50},"1":{"loc":{"start":{"line":74,"column":21},"end":{"line":74,"column":104}},"type":"binary-expr","locations":[{"start":{"line":74,"column":21},"end":{"line":74,"column":42}},{"start":{"line":74,"column":46},"end":{"line":74,"column":72}},{"start":{"line":74,"column":76},"end":{"line":74,"column":104}}],"line":74},"2":{"loc":{"start":{"line":113,"column":29},"end":{"line":140,"column":29}},"type":"cond-expr","locations":[{"start":{"line":114,"column":32},"end":{"line":133,"column":34}},{"start":{"line":135,"column":32},"end":{"line":139,"column":38}}],"line":113},"3":{"loc":{"start":{"line":170,"column":46},"end":{"line":170,"column":87}},"type":"cond-expr","locations":[{"start":{"line":170,"column":69},"end":{"line":170,"column":82}},{"start":{"line":170,"column":85},"end":{"line":170,"column":87}}],"line":170},"4":{"loc":{"start":{"line":171,"column":46},"end":{"line":171,"column":76}},"type":"cond-expr","locations":[{"start":{"line":171,"column":64},"end":{"line":171,"column":71}},{"start":{"line":171,"column":74},"end":{"line":171,"column":76}}],"line":171},"5":{"loc":{"start":{"line":172,"column":46},"end":{"line":172,"column":81}},"type":"cond-expr","locations":[{"start":{"line":172,"column":65},"end":{"line":172,"column":76}},{"start":{"line":172,"column":79},"end":{"line":172,"column":81}}],"line":172}},"s":{"0":0,"1":0,"2":0,"3":0,"4":0,"5":0,"6":0,"7":0,"8":0,"9":0,"10":0,"11":0,"12":0,"13":0,"14":0,"15":0,"16":0,"17":0,"18":0,"19":0,"20":0,"21":0,"22":0,"23":0,"24":0,"25":0,"26":0,"27":0,"28":0,"29":0,"30":0,"31":0,"32":0,"33":0,"34":0,"35":0,"36":0,"37":0,"38":0,"39":0,"40":0,"41":0,"42":0,"43":0,"44":0},"f":{"0":0,"1":0,"2":0,"3":0,"4":0,"5":0,"6":0,"7":0,"8":0,"9":0,"10":0,"11":0,"12":0},"b":{"0":[0,0],"1":[0,0,0],"2":[0,0],"3":[0,0],"4":[0,0],"5":[0,0]}}
,"/home/qwerty/eventTicketingSystem/frontend/src/components/EventCard.js": {"path":"/home/qwerty/eventTicketingSystem/frontend/src/components/EventCard.js","statementMap":{"0":{"start":{"line":6,"column":23},"end":{"line":16,"column":5}},"1":{"start":{"line":7,"column":21},"end":{"line":7,"column":41}},"2":{"start":{"line":8,"column":8},"end":{"line":15,"column":11}},"3":{"start":{"line":18,"column":24},"end":{"line":24,"column":5}},"4":{"start":{"line":19,"column":8},"end":{"line":23,"column":25}},"5":{"start":{"line":26,"column":24},"end":{"line":26,"column":50}},"6":{"start":{"line":28,"column":4},"end":{"line":104,"column":6}},"7":{"start":{"line":95,"column":39},"end":{"line":95,"column":60}}},"fnMap":{"0":{"name":"EventCard","decl":{"start":{"line":5,"column":9},"end":{"line":5,"column":18}},"loc":{"start":{"line":5,"column":43},"end":{"line":105,"column":1}},"line":5},"1":{"name":"(anonymous_1)","decl":{"start":{"line":6,"column":23},"end":{"line":6,"column":24}},"loc":{"start":{"line":6,"column":39},"end":{"line":16,"column":5}},"line":6},"2":{"name":"(anonymous_2)","decl":{"start":{"line":18,"column":24},"end":{"line":18,"column":25}},"loc":{"start":{"line":18,"column":35},"end":{"line":24,"column":5}},"line":18},"3":{"name":"(anonymous_3)","decl":{"start":{"line":95,"column":33},"end":{"line":95,"column":34}},"loc":{"start":{"line":95,"column":39},"end":{"line":95,"column":60}},"line":95}},"branchMap":{"0":{"loc":{"start":{"line":36,"column":21},"end":{"line":36,"column":87}},"type":"binary-expr","locations":[{"start":{"line":36,"column":21},"end":{"line":36,"column":35}},{"start":{"line":36,"column":39},"end":{"line":36,"column":87}}],"line":36},"1":{"loc":{"start":{"line":49,"column":28},"end":{"line":49,"column":62}},"type":"cond-expr","locations":[{"start":{"line":49,"column":42},"end":{"line":49,"column":51}},{"start":{"line":49,"column":54},"end":{"line":49,"column":62}}],"line":49},"2":{"loc":{"start":{"line":50,"column":36},"end":{"line":50,"column":108}},"type":"cond-expr","locations":[{"start":{"line":50,"column":50},"end":{"line":50,"column":95}},{"start":{"line":50,"column":98},"end":{"line":50,"column":108}}],"line":50},"3":{"loc":{"start":{"line":52,"column":25},"end":{"line":59,"column":25}},"type":"cond-expr","locations":[{"start":{"line":53,"column":28},"end":{"line":56,"column":31}},{"start":{"line":58,"column":28},"end":{"line":58,"column":38}}],"line":52},"4":{"loc":{"start":{"line":97,"column":36},"end":{"line":97,"column":110}},"type":"cond-expr","locations":[{"start":{"line":97,"column":50},"end":{"line":97,"column":80}},{"start":{"line":97,"column":83},"end":{"line":97,"column":110}}],"line":97},"5":{"loc":{"start":{"line":99,"column":25},"end":{"line":99,"column":64}},"type":"cond-expr","locations":[{"start":{"line":99,"column":39},"end":{"line":99,"column":51}},{"start":{"line":99,"column":54},"end":{"line":99,"column":64}}],"line":99}},"s":{"0":0,"1":0,"2":0,"3":0,"4":0,"5":0,"6":0,"7":0},"f":{"0":0,"1":0,"2":0,"3":0},"b":{"0":[0,0],"1":[0,0],"2":[0,0],"3":[0,0],"4":[0,0],"5":[0,0]}}
,"/home/qwerty/eventTicketingSystem/frontend/src/components/EventList.js": {"path":"/home/qwerty/eventTicketingSystem/frontend/src/components/EventList.js","statementMap":{"0":{"start":{"line":12,"column":21},"end":{"line":12,"column":34}},"1":{"start":{"line":13,"column":26},"end":{"line":13,"column":38}},"2":{"start":{"line":35,"column":8},"end":{"line":35,"column":23}},"3":{"start":{"line":38,"column":19},"end":{"line":38,"column":57}},"4":{"start":{"line":38,"column":44},"end":{"line":38,"column":56}},"5":{"start":{"line":39,"column":27},"end":{"line":39,"column":46}},"6":{"start":{"line":42,"column":4},"end":{"line":46,"column":55}},"7":{"start":{"line":43,"column":8},"end":{"line":43,"column":22}},"8":{"start":{"line":44,"column":8},"end":{"line":44,"column":26}},"9":{"start":{"line":45,"column":8},"end":{"line":45,"column":25}},"10":{"start":{"line":49,"column":4},"end":{"line":53,"column":27}},"11":{"start":{"line":50,"column":8},"end":{"line":52,"column":9}},"12":{"start":{"line":51,"column":12},"end":{"line":51,"column":29}},"13":{"start":{"line":55,"column":23},"end":{"line":65,"column":5}},"14":{"start":{"line":56,"column":21},"end":{"line":56,"column":41}},"15":{"start":{"line":57,"column":8},"end":{"line":64,"column":11}},"16":{"start":{"line":67,"column":24},"end":{"line":72,"column":5}},"17":{"start":{"line":68,"column":8},"end":{"line":71,"column":25}},"18":{"start":{"line":74,"column":28},"end":{"line":76,"column":5}},"19":{"start":{"line":75,"column":8},"end":{"line":75,"column":41}},"20":{"start":{"line":78,"column":24},"end":{"line":81,"column":5}},"21":{"start":{"line":79,"column":8},"end":{"line":79,"column":21}},"22":{"start":{"line":80,"column":8},"end":{"line":80,"column":26}},"23":{"start":{"line":83,"column":4},"end":{"line":92,"column":5}},"24":{"start":{"line":84,"column":8},"end":{"line":91,"column":10}},"25":{"start":{"line":94,"column":4},"end":{"line":106,"column":5}},"26":{"start":{"line":95,"column":8},"end":{"line":105,"column":10}},"27":{"start":{"line":108,"column":4},"end":{"line":117,"column":5}},"28":{"start":{"line":109,"column":8},"end":{"line":116,"column":10}},"29":{"start":{"line":119,"column":4},"end":{"line":268,"column":6}},"30":{"start":{"line":138,"column":53},"end":{"line":138,"column":83}},"31":{"start":{"line":141,"column":87},"end":{"line":141,"column":105}},"32":{"start":{"line":151,"column":49},"end":{"line":151,"column":84}},"33":{"start":{"line":155,"column":36},"end":{"line":155,"column":80}},"34":{"start":{"line":163,"column":49},"end":{"line":163,"column":84}},"35":{"start":{"line":167,"column":36},"end":{"line":167,"column":80}},"36":{"start":{"line":175,"column":49},"end":{"line":175,"column":74}},"37":{"start":{"line":213,"column":24},"end":{"line":263,"column":30}},"38":{"start":{"line":255,"column":59},"end":{"line":255,"column":84}}},"fnMap":{"0":{"name":"EventList","decl":{"start":{"line":11,"column":9},"end":{"line":11,"column":18}},"loc":{"start":{"line":11,"column":21},"end":{"line":269,"column":1}},"line":11},"1":{"name":"(anonymous_1)","decl":{"start":{"line":38,"column":33},"end":{"line":38,"column":34}},"loc":{"start":{"line":38,"column":44},"end":{"line":38,"column":56}},"line":38},"2":{"name":"(anonymous_2)","decl":{"start":{"line":42,"column":14},"end":{"line":42,"column":15}},"loc":{"start":{"line":42,"column":20},"end":{"line":46,"column":5}},"line":42},"3":{"name":"(anonymous_3)","decl":{"start":{"line":49,"column":14},"end":{"line":49,"column":15}},"loc":{"start":{"line":49,"column":20},"end":{"line":53,"column":5}},"line":49},"4":{"name":"(anonymous_4)","decl":{"start":{"line":55,"column":23},"end":{"line":55,"column":24}},"loc":{"start":{"line":55,"column":39},"end":{"line":65,"column":5}},"line":55},"5":{"name":"(anonymous_5)","decl":{"start":{"line":67,"column":24},"end":{"line":67,"column":25}},"loc":{"start":{"line":67,"column":35},"end":{"line":72,"column":5}},"line":67},"6":{"name":"(anonymous_6)","decl":{"start":{"line":74,"column":28},"end":{"line":74,"column":29}},"loc":{"start":{"line":74,"column":41},"end":{"line":76,"column":5}},"line":74},"7":{"name":"(anonymous_7)","decl":{"start":{"line":78,"column":24},"end":{"line":78,"column":25}},"loc":{"start":{"line":78,"column":30},"end":{"line":81,"column":5}},"line":78},"8":{"name":"(anonymous_8)","decl":{"start":{"line":138,"column":46},"end":{"line":138,"column":47}},"loc":{"start":{"line":138,"column":53},"end":{"line":138,"column":83}},"line":138},"9":{"name":"(anonymous_9)","decl":{"start":{"line":141,"column":81},"end":{"line":141,"column":82}},"loc":{"start":{"line":141,"column":87},"end":{"line":141,"column":105}},"line":141},"10":{"name":"(anonymous_10)","decl":{"start":{"line":151,"column":42},"end":{"line":151,"column":43}},"loc":{"start":{"line":151,"column":49},"end":{"line":151,"column":84}},"line":151},"11":{"name":"(anonymous_11)","decl":{"start":{"line":154,"column":48},"end":{"line":154,"column":49}},"loc":{"start":{"line":155,"column":36},"end":{"line":155,"column":80}},"line":155},"12":{"name":"(anonymous_12)","decl":{"start":{"line":163,"column":42},"end":{"line":163,"column":43}},"loc":{"start":{"line":163,"column":49},"end":{"line":163,"column":84}},"line":163},"13":{"name":"(anonymous_13)","decl":{"start":{"line":166,"column":47},"end":{"line":166,"column":48}},"loc":{"start":{"line":167,"column":36},"end":{"line":167,"column":80}},"line":167},"14":{"name":"(anonymous_14)","decl":{"start":{"line":175,"column":42},"end":{"line":175,"column":43}},"loc":{"start":{"line":175,"column":49},"end":{"line":175,"column":74}},"line":175},"15":{"name":"(anonymous_15)","decl":{"start":{"line":212,"column":40},"end":{"line":212,"column":41}},"loc":{"start":{"line":213,"column":24},"end":{"line":263,"column":30}},"line":213},"16":{"name":"(anonymous_16)","decl":{"start":{"line":255,"column":53},"end":{"line":255,"column":54}},"loc":{"start":{"line":255,"column":59},"end":{"line":255,"column":84}},"line":255}},"branchMap":{"0":{"loc":{"start":{"line":50,"column":8},"end":{"line":52,"column":9}},"type":"if","locations":[{"start":{"line":50,"column":8},"end":{"line":52,"column":9}},{"start":{},"end":{}}],"line":50},"1":{"loc":{"start":{"line":83,"column":4},"end":{"line":92,"column":5}},"type":"if","locations":[{"start":{"line":83,"column":4},"end":{"line":92,"column":5}},{"start":{},"end":{}}],"line":83},"2":{"loc":{"start":{"line":83,"column":8},"end":{"line":83,"column":38}},"type":"binary-expr","locations":[{"start":{"line":83,"column":8},"end":{"line":83,"column":15}},{"start":{"line":83,"column":19},"end":{"line":83,"column":38}}],"line":83},"3":{"loc":{"start":{"line":94,"column":4},"end":{"line":106,"column":5}},"type":"if","locations":[{"start":{"line":94,"column":4},"end":{"line":106,"column":5}},{"start":{},"end":{}}],"line":94},"4":{"loc":{"start":{"line":94,"column":8},"end":{"line":94,"column":36}},"type":"binary-expr","locations":[{"start":{"line":94,"column":8},"end":{"line":94,"column":13}},{"start":{"line":94,"column":17},"end":{"line":94,"column":36}}],"line":94},"5":{"loc":{"start":{"line":108,"column":4},"end":{"line":117,"column":5}},"type":"if","locations":[{"start":{"line":108,"column":4},"end":{"line":117,"column":5}},{"start":{},"end":{}}],"line":108},"6":{"loc":{"start":{"line":140,"column":33},"end":{"line":144,"column":33}},"type":"binary-expr","locations":[{"start":{"line":140,"column":33},"end":{"line":140,"column":44}},{"start":{"line":141,"column":36},"end":{"line":143,"column":45}}],"line":140},"7":{"loc":{"start":{"line":190,"column":33},"end":{"line":195,"column":33}},"type":"binary-expr","locations":[{"start":{"line":190,"column":34},"end":{"line":190,"column":45}},{"start":{"line":190,"column":49},"end":{"line":190,"column":75}},{"start":{"line":190,"column":79},"end":{"line":190,"column":105}},{"start":{"line":190,"column":109},"end":{"line":190,"column":130}},{"start":{"line":191,"column":36},"end":{"line":194,"column":45}}],"line":190},"8":{"loc":{"start":{"line":202,"column":13},"end":{"line":266,"column":13}},"type":"cond-expr","locations":[{"start":{"line":203,"column":16},"end":{"line":209,"column":24}},{"start":{"line":211,"column":16},"end":{"line":265,"column":22}}],"line":202},"9":{"loc":{"start":{"line":217,"column":41},"end":{"line":217,"column":107}},"type":"binary-expr","locations":[{"start":{"line":217,"column":41},"end":{"line":217,"column":55}},{"start":{"line":217,"column":59},"end":{"line":217,"column":107}}],"line":217},"10":{"loc":{"start":{"line":226,"column":51},"end":{"line":226,"column":100}},"type":"cond-expr","locations":[{"start":{"line":226,"column":80},"end":{"line":226,"column":89}},{"start":{"line":226,"column":92},"end":{"line":226,"column":100}}],"line":226},"11":{"loc":{"start":{"line":227,"column":45},"end":{"line":229,"column":60}},"type":"cond-expr","locations":[{"start":{"line":228,"column":50},"end":{"line":228,"column":90}},{"start":{"line":229,"column":50},"end":{"line":229,"column":60}}],"line":227},"12":{"loc":{"start":{"line":258,"column":45},"end":{"line":258,"column":99}},"type":"cond-expr","locations":[{"start":{"line":258,"column":74},"end":{"line":258,"column":86}},{"start":{"line":258,"column":89},"end":{"line":258,"column":99}}],"line":258}},"s":{"0":0,"1":0,"2":0,"3":0,"4":0,"5":0,"6":0,"7":0,"8":0,"9":0,"10":0,"11":0,"12":0,"13":0,"14":0,"15":0,"16":0,"17":0,"18":0,"19":0,"20":0,"21":0,"22":0,"23":0,"24":0,"25":0,"26":0,"27":0,"28":0,"29":0,"30":0,"31":0,"32":0,"33":0,"34":0,"35":0,"36":0,"37":0,"38":0},"f":{"0":0,"1":0,"2":0,"3":0,"4":0,"5":0,"6":0,"7":0,"8":0,"9":0,"10":0,"11":0,"12":0,"13":0,"14":0,"15":0,"16":0},"b":{"0":[0,0],"1":[0,0],"2":[0,0],"3":[0,0],"4":[0,0],"5":[0,0],"6":[0,0],"7":[0,0,0,0,0],"8":[0,0],"9":[0,0],"10":[0,0],"11":[0,0],"12":[0,0]}}
,"/home/qwerty/eventTicketingSystem/frontend/src/components/FeaturedEvents.js": {"path":"/home/qwerty/eventTicketingSystem/frontend/src/components/FeaturedEvents.js","statementMap":{"0":{"start":{"line":10,"column":21},"end":{"line":10,"column":34}},"1":{"start":{"line":13,"column":45},"end":{"line":13,"column":60}},"2":{"start":{"line":15,"column":4},"end":{"line":17,"column":22}},"3":{"start":{"line":16,"column":8},"end":{"line":16,"column":22}},"4":{"start":{"line":19,"column":23},"end":{"line":27,"column":5}},"5":{"start":{"line":20,"column":21},"end":{"line":20,"column":41}},"6":{"start":{"line":21,"column":8},"end":{"line":26,"column":10}},"7":{"start":{"line":29,"column":24},"end":{"line":35,"column":5}},"8":{"start":{"line":30,"column":8},"end":{"line":34,"column":25}},"9":{"start":{"line":37,"column":34},"end":{"line":42,"column":5}},"10":{"start":{"line":38,"column":27},"end":{"line":38,"column":52}},"11":{"start":{"line":39,"column":8},"end":{"line":39,"column":81}},"12":{"start":{"line":39,"column":29},"end":{"line":39,"column":81}},"13":{"start":{"line":40,"column":8},"end":{"line":40,"column":85}},"14":{"start":{"line":40,"column":30},"end":{"line":40,"column":85}},"15":{"start":{"line":41,"column":8},"end":{"line":41,"column":71}},"16":{"start":{"line":44,"column":28},"end":{"line":46,"column":5}},"17":{"start":{"line":45,"column":8},"end":{"line":45,"column":41}},"18":{"start":{"line":49,"column":27},"end":{"line":49,"column":45}},"19":{"start":{"line":51,"column":4},"end":{"line":80,"column":5}},"20":{"start":{"line":52,"column":8},"end":{"line":79,"column":10}},"21":{"start":{"line":65,"column":28},"end":{"line":74,"column":34}},"22":{"start":{"line":82,"column":4},"end":{"line":170,"column":6}},"23":{"start":{"line":99,"column":41},"end":{"line":99,"column":68}},"24":{"start":{"line":100,"column":45},"end":{"line":100,"column":110}},"25":{"start":{"line":102,"column":24},"end":{"line":158,"column":26}},"26":{"start":{"line":149,"column":63},"end":{"line":149,"column":88}}},"fnMap":{"0":{"name":"FeaturedEvents","decl":{"start":{"line":9,"column":9},"end":{"line":9,"column":23}},"loc":{"start":{"line":9,"column":26},"end":{"line":171,"column":1}},"line":9},"1":{"name":"(anonymous_1)","decl":{"start":{"line":15,"column":14},"end":{"line":15,"column":15}},"loc":{"start":{"line":15,"column":20},"end":{"line":17,"column":5}},"line":15},"2":{"name":"(anonymous_2)","decl":{"start":{"line":19,"column":23},"end":{"line":19,"column":24}},"loc":{"start":{"line":19,"column":39},"end":{"line":27,"column":5}},"line":19},"3":{"name":"(anonymous_3)","decl":{"start":{"line":29,"column":24},"end":{"line":29,"column":25}},"loc":{"start":{"line":29,"column":35},"end":{"line":35,"column":5}},"line":29},"4":{"name":"(anonymous_4)","decl":{"start":{"line":37,"column":34},"end":{"line":37,"column":35}},"loc":{"start":{"line":37,"column":56},"end":{"line":42,"column":5}},"line":37},"5":{"name":"(anonymous_5)","decl":{"start":{"line":44,"column":28},"end":{"line":44,"column":29}},"loc":{"start":{"line":44,"column":41},"end":{"line":46,"column":5}},"line":44},"6":{"name":"(anonymous_6)","decl":{"start":{"line":64,"column":39},"end":{"line":64,"column":40}},"loc":{"start":{"line":65,"column":28},"end":{"line":74,"column":34}},"line":65},"7":{"name":"(anonymous_7)","decl":{"start":{"line":98,"column":40},"end":{"line":98,"column":41}},"loc":{"start":{"line":98,"column":51},"end":{"line":159,"column":21}},"line":98},"8":{"name":"(anonymous_8)","decl":{"start":{"line":149,"column":57},"end":{"line":149,"column":58}},"loc":{"start":{"line":149,"column":63},"end":{"line":149,"column":88}},"line":149}},"branchMap":{"0":{"loc":{"start":{"line":39,"column":8},"end":{"line":39,"column":81}},"type":"if","locations":[{"start":{"line":39,"column":8},"end":{"line":39,"column":81}},{"start":{},"end":{}}],"line":39},"1":{"loc":{"start":{"line":40,"column":8},"end":{"line":40,"column":85}},"type":"if","locations":[{"start":{"line":40,"column":8},"end":{"line":40,"column":85}},{"start":{},"end":{}}],"line":40},"2":{"loc":{"start":{"line":51,"column":4},"end":{"line":80,"column":5}},"type":"if","locations":[{"start":{"line":51,"column":4},"end":{"line":80,"column":5}},{"start":{},"end":{}}],"line":51},"3":{"loc":{"start":{"line":51,"column":8},"end":{"line":51,"column":38}},"type":"binary-expr","locations":[{"start":{"line":51,"column":8},"end":{"line":51,"column":15}},{"start":{"line":51,"column":19},"end":{"line":51,"column":38}}],"line":51},"4":{"loc":{"start":{"line":107,"column":49},"end":{"line":107,"column":135}},"type":"binary-expr","locations":[{"start":{"line":107,"column":49},"end":{"line":107,"column":63}},{"start":{"line":107,"column":67},"end":{"line":107,"column":135}}],"line":107},"5":{"loc":{"start":{"line":152,"column":49},"end":{"line":152,"column":104}},"type":"cond-expr","locations":[{"start":{"line":152,"column":78},"end":{"line":152,"column":91}},{"start":{"line":152,"column":94},"end":{"line":152,"column":104}}],"line":152}},"s":{"0":0,"1":0,"2":0,"3":0,"4":0,"5":0,"6":0,"7":0,"8":0,"9":0,"10":0,"11":0,"12":0,"13":0,"14":0,"15":0,"16":0,"17":0,"18":0,"19":0,"20":0,"21":0,"22":0,"23":0,"24":0,"25":0,"26":0},"f":{"0":0,"1":0,"2":0,"3":0,"4":0,"5":0,"6":0,"7":0,"8":0},"b":{"0":[0,0],"1":[0,0],"2":[0,0],"3":[0,0],"4":[0,0],"5":[0,0]}}
,"/home/qwerty/eventTicketingSystem/frontend/src/components/HeroSection.js": {"path":"/home/qwerty/eventTicketingSystem/frontend/src/components/HeroSection.js","statementMap":{"0":{"start":{"line":8,"column":44},"end":{"line":8,"column":55}},"1":{"start":{"line":10,"column":19},"end":{"line":27,"column":5}},"2":{"start":{"line":29,"column":4},"end":{"line":34,"column":24}},"3":{"start":{"line":30,"column":25},"end":{"line":32,"column":16}},"4":{"start":{"line":31,"column":12},"end":{"line":31,"column":66}},"5":{"start":{"line":31,"column":38},"end":{"line":31,"column":64}},"6":{"start":{"line":33,"column":8},"end":{"line":33,"column":45}},"7":{"start":{"line":33,"column":21},"end":{"line":33,"column":44}},"8":{"start":{"line":36,"column":4},"end":{"line":112,"column":6}},"9":{"start":{"line":41,"column":20},"end":{"line":45,"column":22}},"10":{"start":{"line":98,"column":20},"end":{"line":102,"column":22}},"11":{"start":{"line":101,"column":39},"end":{"line":101,"column":61}}},"fnMap":{"0":{"name":"HeroSection","decl":{"start":{"line":7,"column":9},"end":{"line":7,"column":20}},"loc":{"start":{"line":7,"column":23},"end":{"line":113,"column":1}},"line":7},"1":{"name":"(anonymous_1)","decl":{"start":{"line":29,"column":14},"end":{"line":29,"column":15}},"loc":{"start":{"line":29,"column":20},"end":{"line":34,"column":5}},"line":29},"2":{"name":"(anonymous_2)","decl":{"start":{"line":30,"column":37},"end":{"line":30,"column":38}},"loc":{"start":{"line":30,"column":43},"end":{"line":32,"column":9}},"line":30},"3":{"name":"(anonymous_3)","decl":{"start":{"line":31,"column":28},"end":{"line":31,"column":29}},"loc":{"start":{"line":31,"column":38},"end":{"line":31,"column":64}},"line":31},"4":{"name":"(anonymous_4)","decl":{"start":{"line":33,"column":15},"end":{"line":33,"column":16}},"loc":{"start":{"line":33,"column":21},"end":{"line":33,"column":44}},"line":33},"5":{"name":"(anonymous_5)","decl":{"start":{"line":40,"column":28},"end":{"line":40,"column":29}},"loc":{"start":{"line":41,"column":20},"end":{"line":45,"column":22}},"line":41},"6":{"name":"(anonymous_6)","decl":{"start":{"line":97,"column":28},"end":{"line":97,"column":29}},"loc":{"start":{"line":98,"column":20},"end":{"line":102,"column":22}},"line":98},"7":{"name":"(anonymous_7)","decl":{"start":{"line":101,"column":33},"end":{"line":101,"column":34}},"loc":{"start":{"line":101,"column":39},"end":{"line":101,"column":61}},"line":101}},"branchMap":{"0":{"loc":{"start":{"line":43,"column":49},"end":{"line":43,"column":87}},"type":"cond-expr","locations":[{"start":{"line":43,"column":74},"end":{"line":43,"column":82}},{"start":{"line":43,"column":85},"end":{"line":43,"column":87}}],"line":43},"1":{"loc":{"start":{"line":100,"column":51},"end":{"line":100,"column":89}},"type":"cond-expr","locations":[{"start":{"line":100,"column":76},"end":{"line":100,"column":84}},{"start":{"line":100,"column":87},"end":{"line":100,"column":89}}],"line":100}},"s":{"0":0,"1":0,"2":0,"3":0,"4":0,"5":0,"6":0,"7":0,"8":0,"9":0,"10":0,"11":0},"f":{"0":0,"1":0,"2":0,"3":0,"4":0,"5":0,"6":0,"7":0},"b":{"0":[0,0],"1":[0,0]}}
,"/home/qwerty/eventTicketingSystem/frontend/src/components/HomePage.js": {"path":"/home/qwerty/eventTicketingSystem/frontend/src/components/HomePage.js","statementMap":{"0":{"start":{"line":17,"column":4},"end":{"line":27,"column":6}}},"fnMap":{"0":{"name":"HomePage","decl":{"start":{"line":15,"column":9},"end":{"line":15,"column":17}},"loc":{"start":{"line":15,"column":20},"end":{"line":28,"column":1}},"line":15}},"branchMap":{},"s":{"0":0},"f":{"0":0},"b":{}}
,"/home/qwerty/eventTicketingSystem/frontend/src/components/ModernFooter.js": {"path":"/home/qwerty/eventTicketingSystem/frontend/src/components/ModernFooter.js","statementMap":{"0":{"start":{"line":8,"column":24},"end":{"line":8,"column":48}},"1":{"start":{"line":10,"column":23},"end":{"line":16,"column":5}},"2":{"start":{"line":18,"column":23},"end":{"line":24,"column":5}},"3":{"start":{"line":26,"column":24},"end":{"line":31,"column":5}},"4":{"start":{"line":33,"column":4},"end":{"line":129,"column":6}},"5":{"start":{"line":52,"column":32},"end":{"line":59,"column":36}},"6":{"start":{"line":69,"column":32},"end":{"line":74,"column":37}},"7":{"start":{"line":84,"column":32},"end":{"line":89,"column":37}}},"fnMap":{"0":{"name":"ModernFooter","decl":{"start":{"line":7,"column":9},"end":{"line":7,"column":21}},"loc":{"start":{"line":7,"column":24},"end":{"line":130,"column":1}},"line":7},"1":{"name":"(anonymous_1)","decl":{"start":{"line":51,"column":45},"end":{"line":51,"column":46}},"loc":{"start":{"line":52,"column":32},"end":{"line":59,"column":36}},"line":52},"2":{"name":"(anonymous_2)","decl":{"start":{"line":68,"column":44},"end":{"line":68,"column":45}},"loc":{"start":{"line":69,"column":32},"end":{"line":74,"column":37}},"line":69},"3":{"name":"(anonymous_3)","decl":{"start":{"line":83,"column":44},"end":{"line":83,"column":45}},"loc":{"start":{"line":84,"column":32},"end":{"line":89,"column":37}},"line":84}},"branchMap":{},"s":{"0":0,"1":0,"2":0,"3":0,"4":0,"5":0,"6":0,"7":0},"f":{"0":0,"1":0,"2":0,"3":0},"b":{}}
,"/home/qwerty/eventTicketingSystem/frontend/src/components/ModernNavbar.js": {"path":"/home/qwerty/eventTicketingSystem/frontend/src/components/ModernNavbar.js","statementMap":{"0":{"start":{"line":11,"column":36},"end":{"line":11,"column":51}},"1":{"start":{"line":12,"column":48},"end":{"line":12,"column":63}},"2":{"start":{"line":13,"column":21},"end":{"line":13,"column":34}},"3":{"start":{"line":14,"column":21},"end":{"line":14,"column":34}},"4":{"start":{"line":17,"column":46},"end":{"line":17,"column":60}},"5":{"start":{"line":18,"column":28},"end":{"line":18,"column":40}},"6":{"start":{"line":20,"column":25},"end":{"line":25,"column":5}},"7":{"start":{"line":21,"column":8},"end":{"line":21,"column":17}},"8":{"start":{"line":22,"column":8},"end":{"line":22,"column":47}},"9":{"start":{"line":23,"column":8},"end":{"line":23,"column":22}},"10":{"start":{"line":24,"column":8},"end":{"line":24,"column":33}},"11":{"start":{"line":27,"column":4},"end":{"line":34,"column":11}},"12":{"start":{"line":28,"column":29},"end":{"line":30,"column":9}},"13":{"start":{"line":29,"column":12},"end":{"line":29,"column":45}},"14":{"start":{"line":32,"column":8},"end":{"line":32,"column":56}},"15":{"start":{"line":33,"column":8},"end":{"line":33,"column":72}},"16":{"start":{"line":33,"column":21},"end":{"line":33,"column":71}},"17":{"start":{"line":36,"column":21},"end":{"line":36,"column":57}},"18":{"start":{"line":36,"column":31},"end":{"line":36,"column":57}},"19":{"start":{"line":38,"column":21},"end":{"line":44,"column":5}},"20":{"start":{"line":46,"column":4},"end":{"line":167,"column":6}},"21":{"start":{"line":59,"column":28},"end":{"line":66,"column":33}},"22":{"start":{"line":100,"column":43},"end":{"line":100,"column":77}},"23":{"start":{"line":115,"column":28},"end":{"line":123,"column":35}},"24":{"start":{"line":119,"column":47},"end":{"line":119,"column":71}},"25":{"start":{"line":148,"column":51},"end":{"line":148,"column":75}},"26":{"start":{"line":156,"column":51},"end":{"line":156,"column":75}}},"fnMap":{"0":{"name":"ModernNavbar","decl":{"start":{"line":10,"column":9},"end":{"line":10,"column":21}},"loc":{"start":{"line":10,"column":24},"end":{"line":168,"column":1}},"line":10},"1":{"name":"(anonymous_1)","decl":{"start":{"line":20,"column":25},"end":{"line":20,"column":26}},"loc":{"start":{"line":20,"column":31},"end":{"line":25,"column":5}},"line":20},"2":{"name":"(anonymous_2)","decl":{"start":{"line":27,"column":14},"end":{"line":27,"column":15}},"loc":{"start":{"line":27,"column":20},"end":{"line":34,"column":5}},"line":27},"3":{"name":"(anonymous_3)","decl":{"start":{"line":28,"column":29},"end":{"line":28,"column":30}},"loc":{"start":{"line":28,"column":35},"end":{"line":30,"column":9}},"line":28},"4":{"name":"(anonymous_4)","decl":{"start":{"line":33,"column":15},"end":{"line":33,"column":16}},"loc":{"start":{"line":33,"column":21},"end":{"line":33,"column":71}},"line":33},"5":{"name":"(anonymous_5)","decl":{"start":{"line":36,"column":21},"end":{"line":36,"column":22}},"loc":{"start":{"line":36,"column":31},"end":{"line":36,"column":57}},"line":36},"6":{"name":"(anonymous_6)","decl":{"start":{"line":58,"column":38},"end":{"line":58,"column":39}},"loc":{"start":{"line":59,"column":28},"end":{"line":66,"column":33}},"line":59},"7":{"name":"(anonymous_7)","decl":{"start":{"line":100,"column":37},"end":{"line":100,"column":38}},"loc":{"start":{"line":100,"column":43},"end":{"line":100,"column":77}},"line":100},"8":{"name":"(anonymous_8)","decl":{"start":{"line":114,"column":38},"end":{"line":114,"column":39}},"loc":{"start":{"line":115,"column":28},"end":{"line":123,"column":35}},"line":115},"9":{"name":"(anonymous_9)","decl":{"start":{"line":119,"column":41},"end":{"line":119,"column":42}},"loc":{"start":{"line":119,"column":47},"end":{"line":119,"column":71}},"line":119},"10":{"name":"(anonymous_10)","decl":{"start":{"line":148,"column":45},"end":{"line":148,"column":46}},"loc":{"start":{"line":148,"column":51},"end":{"line":148,"column":75}},"line":148},"11":{"name":"(anonymous_11)","decl":{"start":{"line":156,"column":45},"end":{"line":156,"column":46}},"loc":{"start":{"line":156,"column":51},"end":{"line":156,"column":75}},"line":156}},"branchMap":{"0":{"loc":{"start":{"line":47,"column":41},"end":{"line":47,"column":67}},"type":"cond-expr","locations":[{"start":{"line":47,"column":52},"end":{"line":47,"column":62}},{"start":{"line":47,"column":65},"end":{"line":47,"column":67}}],"line":47},"1":{"loc":{"start":{"line":62,"column":59},"end":{"line":62,"column":94}},"type":"cond-expr","locations":[{"start":{"line":62,"column":81},"end":{"line":62,"column":89}},{"start":{"line":62,"column":92},"end":{"line":62,"column":94}}],"line":62},"2":{"loc":{"start":{"line":71,"column":25},"end":{"line":96,"column":25}},"type":"cond-expr","locations":[{"start":{"line":72,"column":28},"end":{"line":84,"column":31}},{"start":{"line":86,"column":28},"end":{"line":95,"column":31}}],"line":71},"3":{"loc":{"start":{"line":111,"column":13},"end":{"line":165,"column":13}},"type":"binary-expr","locations":[{"start":{"line":111,"column":13},"end":{"line":111,"column":27}},{"start":{"line":112,"column":16},"end":{"line":164,"column":22}}],"line":111},"4":{"loc":{"start":{"line":118,"column":62},"end":{"line":118,"column":97}},"type":"cond-expr","locations":[{"start":{"line":118,"column":84},"end":{"line":118,"column":92}},{"start":{"line":118,"column":95},"end":{"line":118,"column":97}}],"line":118},"5":{"loc":{"start":{"line":128,"column":25},"end":{"line":162,"column":25}},"type":"cond-expr","locations":[{"start":{"line":129,"column":28},"end":{"line":142,"column":31}},{"start":{"line":144,"column":28},"end":{"line":161,"column":31}}],"line":128}},"s":{"0":0,"1":0,"2":0,"3":0,"4":0,"5":0,"6":0,"7":0,"8":0,"9":0,"10":0,"11":0,"12":0,"13":0,"14":0,"15":0,"16":0,"17":0,"18":0,"19":0,"20":0,"21":0,"22":0,"23":0,"24":0,"25":0,"26":0},"f":{"0":0,"1":0,"2":0,"3":0,"4":0,"5":0,"6":0,"7":0,"8":0,"9":0,"10":0,"11":0},"b":{"0":[0,0],"1":[0,0],"2":[0,0],"3":[0,0],"4":[0,0],"5":[0,0]}}
,"/home/qwerty/eventTicketingSystem/frontend/src/components/Navbar.js": {"path":"/home/qwerty/eventTicketingSystem/frontend/src/components/Navbar.js","statementMap":{"0":{"start":{"line":10,"column":4},"end":{"line":32,"column":6}}},"fnMap":{"0":{"name":"Navbar","decl":{"start":{"line":9,"column":9},"end":{"line":9,"column":15}},"loc":{"start":{"line":9,"column":18},"end":{"line":33,"column":1}},"line":9}},"branchMap":{},"s":{"0":0},"f":{"0":0},"b":{}}
,"/home/qwerty/eventTicketingSystem/frontend/src/components/Newsletter.js": {"path":"/home/qwerty/eventTicketingSystem/frontend/src/components/Newsletter.js","statementMap":{"0":{"start":{"line":7,"column":30},"end":{"line":7,"column":42}},"1":{"start":{"line":8,"column":40},"end":{"line":8,"column":55}},"2":{"start":{"line":10,"column":25},"end":{"line":17,"column":5}},"3":{"start":{"line":11,"column":8},"end":{"line":11,"column":27}},"4":{"start":{"line":12,"column":8},"end":{"line":16,"column":9}},"5":{"start":{"line":13,"column":12},"end":{"line":13,"column":32}},"6":{"start":{"line":14,"column":12},"end":{"line":14,"column":25}},"7":{"start":{"line":15,"column":12},"end":{"line":15,"column":57}},"8":{"start":{"line":15,"column":29},"end":{"line":15,"column":49}},"9":{"start":{"line":19,"column":4},"end":{"line":54,"column":6}},"10":{"start":{"line":43,"column":49},"end":{"line":43,"column":73}}},"fnMap":{"0":{"name":"Newsletter","decl":{"start":{"line":6,"column":9},"end":{"line":6,"column":19}},"loc":{"start":{"line":6,"column":22},"end":{"line":55,"column":1}},"line":6},"1":{"name":"(anonymous_1)","decl":{"start":{"line":10,"column":25},"end":{"line":10,"column":26}},"loc":{"start":{"line":10,"column":32},"end":{"line":17,"column":5}},"line":10},"2":{"name":"(anonymous_2)","decl":{"start":{"line":15,"column":23},"end":{"line":15,"column":24}},"loc":{"start":{"line":15,"column":29},"end":{"line":15,"column":49}},"line":15},"3":{"name":"(anonymous_3)","decl":{"start":{"line":43,"column":42},"end":{"line":43,"column":43}},"loc":{"start":{"line":43,"column":49},"end":{"line":43,"column":73}},"line":43}},"branchMap":{"0":{"loc":{"start":{"line":12,"column":8},"end":{"line":16,"column":9}},"type":"if","locations":[{"start":{"line":12,"column":8},"end":{"line":16,"column":9}},{"start":{},"end":{}}],"line":12},"1":{"loc":{"start":{"line":31,"column":21},"end":{"line":50,"column":21}},"type":"cond-expr","locations":[{"start":{"line":32,"column":24},"end":{"line":35,"column":30}},{"start":{"line":37,"column":24},"end":{"line":49,"column":31}}],"line":31}},"s":{"0":0,"1":0,"2":0,"3":0,"4":0,"5":0,"6":0,"7":0,"8":0,"9":0,"10":0},"f":{"0":0,"1":0,"2":0,"3":0},"b":{"0":[0,0],"1":[0,0]}}
,"/home/qwerty/eventTicketingSystem/frontend/src/components/SkipLink.js": {"path":"/home/qwerty/eventTicketingSystem/frontend/src/components/SkipLink.js","statementMap":{"0":{"start":{"line":4,"column":4},"end":{"line":8,"column":6}}},"fnMap":{"0":{"name":"SkipLink","decl":{"start":{"line":3,"column":9},"end":{"line":3,"column":17}},"loc":{"start":{"line":3,"column":20},"end":{"line":9,"column":1}},"line":3}},"branchMap":{},"s":{"0":0},"f":{"0":0},"b":{}}
,"/home/qwerty/eventTicketingSystem/frontend/src/components/Testimonials.js": {"path":"/home/qwerty/eventTicketingSystem/frontend/src/components/Testimonials.js","statementMap":{"0":{"start":{"line":7,"column":25},"end":{"line":29,"column":5}},"1":{"start":{"line":31,"column":4},"end":{"line":72,"column":6}},"2":{"start":{"line":47,"column":24},"end":{"line":67,"column":30}},"3":{"start":{"line":51,"column":40},"end":{"line":51,"column":83}}},"fnMap":{"0":{"name":"Testimonials","decl":{"start":{"line":6,"column":9},"end":{"line":6,"column":21}},"loc":{"start":{"line":6,"column":24},"end":{"line":73,"column":1}},"line":6},"1":{"name":"(anonymous_1)","decl":{"start":{"line":46,"column":38},"end":{"line":46,"column":39}},"loc":{"start":{"line":47,"column":24},"end":{"line":67,"column":30}},"line":47},"2":{"name":"(anonymous_2)","decl":{"start":{"line":50,"column":72},"end":{"line":50,"column":73}},"loc":{"start":{"line":51,"column":40},"end":{"line":51,"column":83}},"line":51}},"branchMap":{},"s":{"0":0,"1":0,"2":0,"3":0},"f":{"0":0,"1":0,"2":0},"b":{}}
,"/home/qwerty/eventTicketingSystem/frontend/src/components/TicketCheckout.js": {"path":"/home/qwerty/eventTicketingSystem/frontend/src/components/TicketCheckout.js","statementMap":{"0":{"start":{"line":13,"column":24},"end":{"line":13,"column":35}},"1":{"start":{"line":14,"column":21},"end":{"line":14,"column":34}},"2":{"start":{"line":15,"column":39},"end":{"line":15,"column":51}},"3":{"start":{"line":18,"column":25},"end":{"line":18,"column":69}},"4":{"start":{"line":18,"column":50},"end":{"line":18,"column":68}},"5":{"start":{"line":19,"column":27},"end":{"line":19,"column":73}},"6":{"start":{"line":19,"column":52},"end":{"line":19,"column":72}},"7":{"start":{"line":21,"column":30},"end":{"line":21,"column":44}},"8":{"start":{"line":22,"column":34},"end":{"line":22,"column":48}},"9":{"start":{"line":23,"column":40},"end":{"line":23,"column":55}},"10":{"start":{"line":24,"column":30},"end":{"line":24,"column":44}},"11":{"start":{"line":25,"column":40},"end":{"line":25,"column":52}},"12":{"start":{"line":27,"column":36},"end":{"line":32,"column":6}},"13":{"start":{"line":34,"column":4},"end":{"line":57,"column":59}},"14":{"start":{"line":35,"column":26},"end":{"line":54,"column":9}},"15":{"start":{"line":36,"column":12},"end":{"line":53,"column":13}},"16":{"start":{"line":37,"column":16},"end":{"line":37,"column":33}},"17":{"start":{"line":39,"column":32},"end":{"line":39,"column":53}},"18":{"start":{"line":42,"column":16},"end":{"line":44,"column":17}},"19":{"start":{"line":43,"column":20},"end":{"line":43,"column":62}},"20":{"start":{"line":46,"column":16},"end":{"line":46,"column":36}},"21":{"start":{"line":48,"column":16},"end":{"line":48,"column":57}},"22":{"start":{"line":49,"column":16},"end":{"line":49,"column":58}},"23":{"start":{"line":50,"column":16},"end":{"line":50,"column":60}},"24":{"start":{"line":52,"column":16},"end":{"line":52,"column":34}},"25":{"start":{"line":56,"column":8},"end":{"line":56,"column":20}},"26":{"start":{"line":59,"column":30},"end":{"line":69,"column":5}},"27":{"start":{"line":60,"column":32},"end":{"line":60,"column":40}},"28":{"start":{"line":61,"column":8},"end":{"line":64,"column":12}},"29":{"start":{"line":61,"column":29},"end":{"line":64,"column":9}},"30":{"start":{"line":66,"column":8},"end":{"line":68,"column":9}},"31":{"start":{"line":67,"column":12},"end":{"line":67,"column":33}},"32":{"start":{"line":71,"column":26},"end":{"line":83,"column":5}},"33":{"start":{"line":72,"column":27},"end":{"line":72,"column":55}},"34":{"start":{"line":73,"column":8},"end":{"line":76,"column":9}},"35":{"start":{"line":74,"column":12},"end":{"line":74,"column":30}},"36":{"start":{"line":75,"column":12},"end":{"line":75,"column":24}},"37":{"start":{"line":77,"column":8},"end":{"line":80,"column":9}},"38":{"start":{"line":78,"column":12},"end":{"line":78,"column":64}},"39":{"start":{"line":79,"column":12},"end":{"line":79,"column":25}},"40":{"start":{"line":81,"column":8},"end":{"line":81,"column":26}},"41":{"start":{"line":82,"column":8},"end":{"line":82,"column":20}},"42":{"start":{"line":85,"column":25},"end":{"line":132,"column":5}},"43":{"start":{"line":86,"column":8},"end":{"line":86,"column":27}},"44":{"start":{"line":88,"column":8},"end":{"line":91,"column":9}},"45":{"start":{"line":89,"column":12},"end":{"line":89,"column":59}},"46":{"start":{"line":90,"column":12},"end":{"line":90,"column":19}},"47":{"start":{"line":93,"column":8},"end":{"line":96,"column":9}},"48":{"start":{"line":94,"column":12},"end":{"line":94,"column":86}},"49":{"start":{"line":95,"column":12},"end":{"line":95,"column":19}},"50":{"start":{"line":98,"column":8},"end":{"line":131,"column":9}},"51":{"start":{"line":99,"column":12},"end":{"line":99,"column":32}},"52":{"start":{"line":100,"column":12},"end":{"line":100,"column":27}},"53":{"start":{"line":102,"column":33},"end":{"line":108,"column":13}},"54":{"start":{"line":110,"column":29},"end":{"line":110,"column":87}},"55":{"start":{"line":113,"column":12},"end":{"line":113,"column":68}},"56":{"start":{"line":114,"column":12},"end":{"line":114,"column":66}},"57":{"start":{"line":117,"column":12},"end":{"line":117,"column":58}},"58":{"start":{"line":120,"column":12},"end":{"line":122,"column":15}},"59":{"start":{"line":125,"column":33},"end":{"line":125,"column":108}},"60":{"start":{"line":126,"column":12},"end":{"line":126,"column":35}},"61":{"start":{"line":127,"column":12},"end":{"line":127,"column":36}},"62":{"start":{"line":128,"column":12},"end":{"line":128,"column":59}},"63":{"start":{"line":130,"column":12},"end":{"line":130,"column":33}},"64":{"start":{"line":134,"column":24},"end":{"line":139,"column":5}},"65":{"start":{"line":135,"column":8},"end":{"line":138,"column":25}},"66":{"start":{"line":141,"column":27},"end":{"line":144,"column":5}},"67":{"start":{"line":142,"column":8},"end":{"line":142,"column":29}},"68":{"start":{"line":142,"column":20},"end":{"line":142,"column":29}},"69":{"start":{"line":143,"column":8},"end":{"line":143,"column":50}},"70":{"start":{"line":146,"column":4},"end":{"line":153,"column":5}},"71":{"start":{"line":147,"column":8},"end":{"line":152,"column":10}},"72":{"start":{"line":155,"column":4},"end":{"line":161,"column":5}},"73":{"start":{"line":156,"column":8},"end":{"line":160,"column":10}},"74":{"start":{"line":163,"column":4},"end":{"line":326,"column":6}},"75":{"start":{"line":207,"column":87},"end":{"line":207,"column":101}},"76":{"start":{"line":313,"column":59},"end":{"line":313,"column":78}}},"fnMap":{"0":{"name":"TicketCheckout","decl":{"start":{"line":12,"column":9},"end":{"line":12,"column":23}},"loc":{"start":{"line":12,"column":26},"end":{"line":327,"column":1}},"line":12},"1":{"name":"(anonymous_1)","decl":{"start":{"line":18,"column":39},"end":{"line":18,"column":40}},"loc":{"start":{"line":18,"column":50},"end":{"line":18,"column":68}},"line":18},"2":{"name":"(anonymous_2)","decl":{"start":{"line":19,"column":41},"end":{"line":19,"column":42}},"loc":{"start":{"line":19,"column":52},"end":{"line":19,"column":72}},"line":19},"3":{"name":"(anonymous_3)","decl":{"start":{"line":34,"column":14},"end":{"line":34,"column":15}},"loc":{"start":{"line":34,"column":20},"end":{"line":57,"column":5}},"line":34},"4":{"name":"(anonymous_4)","decl":{"start":{"line":35,"column":26},"end":{"line":35,"column":27}},"loc":{"start":{"line":35,"column":38},"end":{"line":54,"column":9}},"line":35},"5":{"name":"(anonymous_5)","decl":{"start":{"line":59,"column":30},"end":{"line":59,"column":31}},"loc":{"start":{"line":59,"column":37},"end":{"line":69,"column":5}},"line":59},"6":{"name":"(anonymous_6)","decl":{"start":{"line":61,"column":20},"end":{"line":61,"column":21}},"loc":{"start":{"line":61,"column":29},"end":{"line":64,"column":9}},"line":61},"7":{"name":"(anonymous_7)","decl":{"start":{"line":71,"column":26},"end":{"line":71,"column":27}},"loc":{"start":{"line":71,"column":37},"end":{"line":83,"column":5}},"line":71},"8":{"name":"(anonymous_8)","decl":{"start":{"line":85,"column":25},"end":{"line":85,"column":26}},"loc":{"start":{"line":85,"column":38},"end":{"line":132,"column":5}},"line":85},"9":{"name":"(anonymous_9)","decl":{"start":{"line":134,"column":24},"end":{"line":134,"column":25}},"loc":{"start":{"line":134,"column":35},"end":{"line":139,"column":5}},"line":134},"10":{"name":"(anonymous_10)","decl":{"start":{"line":141,"column":27},"end":{"line":141,"column":28}},"loc":{"start":{"line":141,"column":33},"end":{"line":144,"column":5}},"line":141},"11":{"name":"(anonymous_11)","decl":{"start":{"line":207,"column":81},"end":{"line":207,"column":82}},"loc":{"start":{"line":207,"column":87},"end":{"line":207,"column":101}},"line":207},"12":{"name":"(anonymous_12)","decl":{"start":{"line":313,"column":53},"end":{"line":313,"column":54}},"loc":{"start":{"line":313,"column":59},"end":{"line":313,"column":78}},"line":313}},"branchMap":{"0":{"loc":{"start":{"line":42,"column":16},"end":{"line":44,"column":17}},"type":"if","locations":[{"start":{"line":42,"column":16},"end":{"line":44,"column":17}},{"start":{},"end":{}}],"line":42},"1":{"loc":{"start":{"line":66,"column":8},"end":{"line":68,"column":9}},"type":"if","locations":[{"start":{"line":66,"column":8},"end":{"line":68,"column":9}},{"start":{},"end":{}}],"line":66},"2":{"loc":{"start":{"line":73,"column":8},"end":{"line":76,"column":9}},"type":"if","locations":[{"start":{"line":73,"column":8},"end":{"line":76,"column":9}},{"start":{},"end":{}}],"line":73},"3":{"loc":{"start":{"line":77,"column":8},"end":{"line":80,"column":9}},"type":"if","locations":[{"start":{"line":77,"column":8},"end":{"line":80,"column":9}},{"start":{},"end":{}}],"line":77},"4":{"loc":{"start":{"line":88,"column":8},"end":{"line":91,"column":9}},"type":"if","locations":[{"start":{"line":88,"column":8},"end":{"line":91,"column":9}},{"start":{},"end":{}}],"line":88},"5":{"loc":{"start":{"line":88,"column":12},"end":{"line":88,"column":78}},"type":"binary-expr","locations":[{"start":{"line":88,"column":12},"end":{"line":88,"column":30}},{"start":{"line":88,"column":34},"end":{"line":88,"column":53}},{"start":{"line":88,"column":57},"end":{"line":88,"column":78}}],"line":88},"6":{"loc":{"start":{"line":93,"column":8},"end":{"line":96,"column":9}},"type":"if","locations":[{"start":{"line":93,"column":8},"end":{"line":96,"column":9}},{"start":{},"end":{}}],"line":93},"7":{"loc":{"start":{"line":93,"column":12},"end":{"line":93,"column":79}},"type":"binary-expr","locations":[{"start":{"line":93,"column":12},"end":{"line":93,"column":33}},{"start":{"line":93,"column":37},"end":{"line":93,"column":79}}],"line":93},"8":{"loc":{"start":{"line":125,"column":33},"end":{"line":125,"column":108}},"type":"binary-expr","locations":[{"start":{"line":125,"column":33},"end":{"line":125,"column":58}},{"start":{"line":125,"column":62},"end":{"line":125,"column":108}}],"line":125},"9":{"loc":{"start":{"line":142,"column":8},"end":{"line":142,"column":29}},"type":"if","locations":[{"start":{"line":142,"column":8},"end":{"line":142,"column":29}},{"start":{},"end":{}}],"line":142},"10":{"loc":{"start":{"line":146,"column":4},"end":{"line":153,"column":5}},"type":"if","locations":[{"start":{"line":146,"column":4},"end":{"line":153,"column":5}},{"start":{},"end":{}}],"line":146},"11":{"loc":{"start":{"line":155,"column":4},"end":{"line":161,"column":5}},"type":"if","locations":[{"start":{"line":155,"column":4},"end":{"line":161,"column":5}},{"start":{},"end":{}}],"line":155},"12":{"loc":{"start":{"line":171,"column":37},"end":{"line":171,"column":123}},"type":"binary-expr","locations":[{"start":{"line":171,"column":37},"end":{"line":171,"column":51}},{"start":{"line":171,"column":55},"end":{"line":171,"column":123}}],"line":171},"13":{"loc":{"start":{"line":206,"column":33},"end":{"line":210,"column":33}},"type":"binary-expr","locations":[{"start":{"line":206,"column":33},"end":{"line":206,"column":38}},{"start":{"line":207,"column":36},"end":{"line":209,"column":44}}],"line":206},"14":{"loc":{"start":{"line":236,"column":41},"end":{"line":240,"column":41}},"type":"binary-expr","locations":[{"start":{"line":236,"column":41},"end":{"line":236,"column":51}},{"start":{"line":237,"column":44},"end":{"line":239,"column":68}}],"line":236},"15":{"loc":{"start":{"line":294,"column":54},"end":{"line":294,"column":96}},"type":"binary-expr","locations":[{"start":{"line":294,"column":54},"end":{"line":294,"column":64}},{"start":{"line":294,"column":68},"end":{"line":294,"column":96}}],"line":294},"16":{"loc":{"start":{"line":296,"column":45},"end":{"line":309,"column":45}},"type":"cond-expr","locations":[{"start":{"line":297,"column":48},"end":{"line":306,"column":51}},{"start":{"line":308,"column":48},"end":{"line":308,"column":67}}],"line":296}},"s":{"0":0,"1":0,"2":0,"3":0,"4":0,"5":0,"6":0,"7":0,"8":0,"9":0,"10":0,"11":0,"12":0,"13":0,"14":0,"15":0,"16":0,"17":0,"18":0,"19":0,"20":0,"21":0,"22":0,"23":0,"24":0,"25":0,"26":0,"27":0,"28":0,"29":0,"30":0,"31":0,"32":0,"33":0,"34":0,"35":0,"36":0,"37":0,"38":0,"39":0,"40":0,"41":0,"42":0,"43":0,"44":0,"45":0,"46":0,"47":0,"48":0,"49":0,"50":0,"51":0,"52":0,"53":0,"54":0,"55":0,"56":0,"57":0,"58":0,"59":0,"60":0,"61":0,"62":0,"63":0,"64":0,"65":0,"66":0,"67":0,"68":0,"69":0,"70":0,"71":0,"72":0,"73":0,"74":0,"75":0,"76":0},"f":{"0":0,"1":0,"2":0,"3":0,"4":0,"5":0,"6":0,"7":0,"8":0,"9":0,"10":0,"11":0,"12":0},"b":{"0":[0,0],"1":[0,0],"2":[0,0],"3":[0,0],"4":[0,0],"5":[0,0,0],"6":[0,0],"7":[0,0],"8":[0,0],"9":[0,0],"10":[0,0],"11":[0,0],"12":[0,0],"13":[0,0],"14":[0,0],"15":[0,0],"16":[0,0]}}
,"/home/qwerty/eventTicketingSystem/frontend/src/components/TicketConfirmation.js": {"path":"/home/qwerty/eventTicketingSystem/frontend/src/components/TicketConfirmation.js","statementMap":{"0":{"start":{"line":12,"column":21},"end":{"line":12,"column":34}},"1":{"start":{"line":13,"column":21},"end":{"line":13,"column":34}},"2":{"start":{"line":14,"column":23},"end":{"line":14,"column":49}},"3":{"start":{"line":15,"column":41},"end":{"line":15,"column":53}},"4":{"start":{"line":18,"column":4},"end":{"line":24,"column":47}},"5":{"start":{"line":19,"column":8},"end":{"line":23,"column":9}},"6":{"start":{"line":20,"column":12},"end":{"line":20,"column":96}},"7":{"start":{"line":22,"column":12},"end":{"line":22,"column":81}},"8":{"start":{"line":26,"column":4},"end":{"line":38,"column":5}},"9":{"start":{"line":27,"column":8},"end":{"line":37,"column":10}},"10":{"start":{"line":32,"column":61},"end":{"line":32,"column":74}},"11":{"start":{"line":40,"column":24},"end":{"line":45,"column":5}},"12":{"start":{"line":41,"column":8},"end":{"line":44,"column":25}},"13":{"start":{"line":47,"column":23},"end":{"line":57,"column":5}},"14":{"start":{"line":48,"column":21},"end":{"line":48,"column":41}},"15":{"start":{"line":49,"column":8},"end":{"line":56,"column":11}},"16":{"start":{"line":59,"column":4},"end":{"line":201,"column":6}},"17":{"start":{"line":168,"column":55},"end":{"line":168,"column":69}},"18":{"start":{"line":182,"column":55},"end":{"line":182,"column":74}}},"fnMap":{"0":{"name":"TicketConfirmation","decl":{"start":{"line":11,"column":9},"end":{"line":11,"column":27}},"loc":{"start":{"line":11,"column":30},"end":{"line":202,"column":1}},"line":11},"1":{"name":"(anonymous_1)","decl":{"start":{"line":18,"column":14},"end":{"line":18,"column":15}},"loc":{"start":{"line":18,"column":20},"end":{"line":24,"column":5}},"line":18},"2":{"name":"(anonymous_2)","decl":{"start":{"line":32,"column":55},"end":{"line":32,"column":56}},"loc":{"start":{"line":32,"column":61},"end":{"line":32,"column":74}},"line":32},"3":{"name":"(anonymous_3)","decl":{"start":{"line":40,"column":24},"end":{"line":40,"column":25}},"loc":{"start":{"line":40,"column":35},"end":{"line":45,"column":5}},"line":40},"4":{"name":"(anonymous_4)","decl":{"start":{"line":47,"column":23},"end":{"line":47,"column":24}},"loc":{"start":{"line":47,"column":39},"end":{"line":57,"column":5}},"line":47},"5":{"name":"(anonymous_5)","decl":{"start":{"line":168,"column":49},"end":{"line":168,"column":50}},"loc":{"start":{"line":168,"column":55},"end":{"line":168,"column":69}},"line":168},"6":{"name":"(anonymous_6)","decl":{"start":{"line":182,"column":49},"end":{"line":182,"column":50}},"loc":{"start":{"line":182,"column":55},"end":{"line":182,"column":74}},"line":182}},"branchMap":{"0":{"loc":{"start":{"line":19,"column":8},"end":{"line":23,"column":9}},"type":"if","locations":[{"start":{"line":19,"column":8},"end":{"line":23,"column":9}},{"start":{"line":21,"column":15},"end":{"line":23,"column":9}}],"line":19},"1":{"loc":{"start":{"line":26,"column":4},"end":{"line":38,"column":5}},"type":"if","locations":[{"start":{"line":26,"column":4},"end":{"line":38,"column":5}},{"start":{},"end":{}}],"line":26}},"s":{"0":0,"1":0,"2":0,"3":0,"4":0,"5":0,"6":0,"7":0,"8":0,"9":0,"10":0,"11":0,"12":0,"13":0,"14":0,"15":0,"16":0,"17":0,"18":0},"f":{"0":0,"1":0,"2":0,"3":0,"4":0,"5":0,"6":0},"b":{"0":[0,0],"1":[0,0]}}
,"/home/qwerty/eventTicketingSystem/frontend/src/components/TicketConfirmationModal.js": {"path":"/home/qwerty/eventTicketingSystem/frontend/src/components/TicketConfirmationModal.js","statementMap":{"0":{"start":{"line":7,"column":4},"end":{"line":7,"column":33}},"1":{"start":{"line":7,"column":21},"end":{"line":7,"column":33}},"2":{"start":{"line":9,"column":23},"end":{"line":19,"column":5}},"3":{"start":{"line":10,"column":21},"end":{"line":10,"column":41}},"4":{"start":{"line":11,"column":8},"end":{"line":18,"column":11}},"5":{"start":{"line":21,"column":24},"end":{"line":27,"column":5}},"6":{"start":{"line":22,"column":8},"end":{"line":26,"column":25}},"7":{"start":{"line":29,"column":4},"end":{"line":154,"column":6}},"8":{"start":{"line":140,"column":35},"end":{"line":140,"column":49}}},"fnMap":{"0":{"name":"TicketConfirmation","decl":{"start":{"line":6,"column":9},"end":{"line":6,"column":27}},"loc":{"start":{"line":6,"column":58},"end":{"line":155,"column":1}},"line":6},"1":{"name":"(anonymous_1)","decl":{"start":{"line":9,"column":23},"end":{"line":9,"column":24}},"loc":{"start":{"line":9,"column":39},"end":{"line":19,"column":5}},"line":9},"2":{"name":"(anonymous_2)","decl":{"start":{"line":21,"column":24},"end":{"line":21,"column":25}},"loc":{"start":{"line":21,"column":35},"end":{"line":27,"column":5}},"line":21},"3":{"name":"(anonymous_3)","decl":{"start":{"line":140,"column":29},"end":{"line":140,"column":30}},"loc":{"start":{"line":140,"column":35},"end":{"line":140,"column":49}},"line":140}},"branchMap":{"0":{"loc":{"start":{"line":7,"column":4},"end":{"line":7,"column":33}},"type":"if","locations":[{"start":{"line":7,"column":4},"end":{"line":7,"column":33}},{"start":{},"end":{}}],"line":7}},"s":{"0":0,"1":0,"2":0,"3":0,"4":0,"5":0,"6":0,"7":0,"8":0},"f":{"0":0,"1":0,"2":0,"3":0},"b":{"0":[0,0]}}
[...]
4}},"loc":{"start":{"line":22,"column":68},"end":{"line":47,"column":13}},"line":22},"2":{"name":"(anonymous_2)","decl":{"start":{"line":34,"column":20},"end":{"line":34,"column":21}},"loc":{"start":{"line":34,"column":32},"end":{"line":37,"column":17}},"line":34},"3":{"name":"(anonymous_3)","decl":{"start":{"line":41,"column":31},"end":{"line":41,"column":32}},"loc":{"start":{"line":41,"column":37},"end":{"line":43,"column":21}},"line":41},"4":{"name":"(anonymous_4)","decl":{"start":{"line":49,"column":25},"end":{"line":49,"column":26}},"loc":{"start":{"line":49,"column":33},"end":{"line":53,"column":13}},"line":49},"5":{"name":"(anonymous_5)","decl":{"start":{"line":50,"column":20},"end":{"line":50,"column":21}},"loc":{"start":{"line":50,"column":32},"end":{"line":52,"column":17}},"line":50},"6":{"name":"(anonymous_6)","decl":{"start":{"line":51,"column":48},"end":{"line":51,"column":49}},"loc":{"start":{"line":51,"column":59},"end":{"line":51,"column":74}},"line":51},"7":{"name":"(anonymous_7)","decl":{"start":{"line":55,"column":25},"end":{"line":55,"column":26}},"loc":{"start":{"line":55,"column":31},"end":{"line":57,"column":13}},"line":55},"8":{"name":"(anonymous_8)","decl":{"start":{"line":60,"column":25},"end":{"line":60,"column":26}},"loc":{"start":{"line":60,"column":48},"end":{"line":62,"column":13}},"line":60},"9":{"name":"(anonymous_9)","decl":{"start":{"line":64,"column":23},"end":{"line":64,"column":24}},"loc":{"start":{"line":64,"column":46},"end":{"line":66,"column":13}},"line":64},"10":{"name":"(anonymous_10)","decl":{"start":{"line":68,"column":25},"end":{"line":68,"column":26}},"loc":{"start":{"line":68,"column":48},"end":{"line":70,"column":13}},"line":68},"11":{"name":"(anonymous_11)","decl":{"start":{"line":72,"column":22},"end":{"line":72,"column":23}},"loc":{"start":{"line":72,"column":45},"end":{"line":74,"column":13}},"line":72},"12":{"name":"(anonymous_12)","decl":{"start":{"line":77,"column":23},"end":{"line":77,"column":24}},"loc":{"start":{"line":77,"column":47},"end":{"line":84,"column":13}},"line":77},"13":{"name":"(anonymous_13)","decl":{"start":{"line":78,"column":20},"end":{"line":78,"column":21}},"loc":{"start":{"line":78,"column":32},"end":{"line":83,"column":17}},"line":78},"14":{"name":"(anonymous_14)","decl":{"start":{"line":86,"column":24},"end":{"line":86,"column":25}},"loc":{"start":{"line":86,"column":37},"end":{"line":93,"column":13}},"line":86},"15":{"name":"(anonymous_15)","decl":{"start":{"line":87,"column":20},"end":{"line":87,"column":21}},"loc":{"start":{"line":87,"column":32},"end":{"line":92,"column":17}},"line":87},"16":{"name":"(anonymous_16)","decl":{"start":{"line":95,"column":25},"end":{"line":95,"column":26}},"loc":{"start":{"line":95,"column":38},"end":{"line":98,"column":13}},"line":95},"17":{"name":"(anonymous_17)","decl":{"start":{"line":100,"column":26},"end":{"line":100,"column":27}},"loc":{"start":{"line":100,"column":39},"end":{"line":103,"column":13}},"line":100},"18":{"name":"(anonymous_18)","decl":{"start":{"line":106,"column":30},"end":{"line":106,"column":31}},"loc":{"start":{"line":106,"column":43},"end":{"line":108,"column":13}},"line":106}},"branchMap":{"0":{"loc":{"start":{"line":22,"column":33},"end":{"line":22,"column":46}},"type":"default-arg","locations":[{"start":{"line":22,"column":40},"end":{"line":22,"column":46}}],"line":22},"1":{"loc":{"start":{"line":22,"column":48},"end":{"line":22,"column":63}},"type":"default-arg","locations":[{"start":{"line":22,"column":59},"end":{"line":22,"column":63}}],"line":22},"2":{"loc":{"start":{"line":40,"column":16},"end":{"line":44,"column":17}},"type":"if","locations":[{"start":{"line":40,"column":16},"end":{"line":44,"column":17}},{"start":{},"end":{}}],"line":40},"3":{"loc":{"start":{"line":77,"column":33},"end":{"line":77,"column":42}},"type":"default-arg","locations":[{"start":{"line":77,"column":40},"end":{"line":77,"column":42}}],"line":77},"4":{"loc":{"start":{"line":97,"column":23},"end":{"line":97,"column":55}},"type":"binary-expr","locations":[{"start":{"line":97,"column":23},"end":{"line":97,"column":46}},{"start":{"line":97,"column":50},"end":{"line":97,"column":55}}],"line":97},"5":{"loc":{"start":{"line":102,"column":23},"end":{"line":102,"column":50}},"type":"binary-expr","locations":[{"start":{"line":102,"column":23},"end":{"line":102,"column":44}},{"start":{"line":102,"column":48},"end":{"line":102,"column":50}}],"line":102}},"s":{"0":0,"1":0,"2":0,"3":0,"4":0,"5":0,"6":0,"7":0,"8":0,"9":0,"10":0,"11":0,"12":0,"13":0,"14":0,"15":0,"16":0,"17":0,"18":0,"19":0,"20":0,"21":0,"22":0,"23":0,"24":0,"25":0,"26":0,"27":0},"f":{"0":0,"1":0,"2":0,"3":0,"4":0,"5":0,"6":0,"7":0,"8":0,"9":0,"10":0,"11":0,"12":0,"13":0,"14":0,"15":0,"16":0,"17":0,"18":0},"b":{"0":[0],"1":[0],"2":[0,0],"3":[0],"4":[0,0],"5":[0,0]}}
,"/home/qwerty/eventTicketingSystem/frontend/src/test-utils/mockData.js": {"path":"/home/qwerty/eventTicketingSystem/frontend/src/test-utils/mockData.js","statementMap":{"0":{"start":{"line":6,"column":26},"end":{"line":55,"column":1}},"1":{"start":{"line":57,"column":30},"end":{"line":64,"column":1}},"2":{"start":{"line":66,"column":29},"end":{"line":72,"column":1}},"3":{"start":{"line":74,"column":24},"end":{"line":81,"column":1}},"4":{"start":{"line":83,"column":29},"end":{"line":90,"column":1}},"5":{"start":{"line":92,"column":25},"end":{"line":92,"column":182}},"6":{"start":{"line":94,"column":33},"end":{"line":98,"column":1}},"7":{"start":{"line":100,"column":36},"end":{"line":103,"column":1}},"8":{"start":{"line":105,"column":26},"end":{"line":115,"column":1}},"9":{"start":{"line":117,"column":25},"end":{"line":122,"column":1}},"10":{"start":{"line":125,"column":31},"end":{"line":137,"column":2}},"11":{"start":{"line":125,"column":52},"end":{"line":137,"column":1}},"12":{"start":{"line":140,"column":32},"end":{"line":142,"column":1}},"13":{"start":{"line":141,"column":4},"end":{"line":141,"column":83}},"14":{"start":{"line":141,"column":51},"end":{"line":141,"column":81}},"15":{"start":{"line":145,"column":34},"end":{"line":148,"column":2}},"16":{"start":{"line":145,"column":54},"end":{"line":148,"column":2}},"17":{"start":{"line":151,"column":40},"end":{"line":155,"column":2}},"18":{"start":{"line":151,"column":60},"end":{"line":155,"column":2}}},"fnMap":{"0":{"name":"(anonymous_0)","decl":{"start":{"line":125,"column":31},"end":{"line":125,"column":32}},"loc":{"start":{"line":125,"column":52},"end":{"line":137,"column":1}},"line":125},"1":{"name":"(anonymous_1)","decl":{"start":{"line":140,"column":32},"end":{"line":140,"column":33}},"loc":{"start":{"line":140,"column":47},"end":{"line":142,"column":1}},"line":140},"2":{"name":"(anonymous_2)","decl":{"start":{"line":141,"column":41},"end":{"line":141,"column":42}},"loc":{"start":{"line":141,"column":51},"end":{"line":141,"column":81}},"line":141},"3":{"name":"(anonymous_3)","decl":{"start":{"line":145,"column":34},"end":{"line":145,"column":35}},"loc":{"start":{"line":145,"column":54},"end":{"line":148,"column":2}},"line":145},"4":{"name":"(anonymous_4)","decl":{"start":{"line":151,"column":40},"end":{"line":151,"column":41}},"loc":{"start":{"line":151,"column":60},"end":{"line":155,"column":2}},"line":151}},"branchMap":{"0":{"loc":{"start":{"line":125,"column":32},"end":{"line":125,"column":46}},"type":"default-arg","locations":[{"start":{"line":125,"column":44},"end":{"line":125,"column":46}}],"line":125},"1":{"loc":{"start":{"line":140,"column":33},"end":{"line":140,"column":42}},"type":"default-arg","locations":[{"start":{"line":140,"column":41},"end":{"line":140,"column":42}}],"line":140},"2":{"loc":{"start":{"line":145,"column":35},"end":{"line":145,"column":49}},"type":"default-arg","locations":[{"start":{"line":145,"column":47},"end":{"line":145,"column":49}}],"line":145},"3":{"loc":{"start":{"line":151,"column":41},"end":{"line":151,"column":55}},"type":"default-arg","locations":[{"start":{"line":151,"column":53},"end":{"line":151,"column":55}}],"line":151}},"s":{"0":0,"1":0,"2":0,"3":0,"4":0,"5":0,"6":0,"7":0,"8":0,"9":0,"10":0,"11":0,"12":0,"13":0,"14":0,"15":0,"16":0,"17":0,"18":0},"f":{"0":0,"1":0,"2":0,"3":0,"4":0},"b":{"0":[0],"1":[0],"2":[0],"3":[0]}}
,"/home/qwerty/eventTicketingSystem/frontend/src/test-utils/testHelpers.js": {"path":"/home/qwerty/eventTicketingSystem/frontend/src/test-utils/testHelpers.js","statementMap":{"0":{"start":{"line":16,"column":30},"end":{"line":50,"column":1}},"1":{"start":{"line":18,"column":4},"end":{"line":29,"column":7}},"2":{"start":{"line":32,"column":4},"end":{"line":39,"column":7}},"3":{"start":{"line":42,"column":4},"end":{"line":46,"column":7}},"4":{"start":{"line":49,"column":4},"end":{"line":49,"column":25}},"5":{"start":{"line":58,"column":34},"end":{"line":73,"column":1}},"6":{"start":{"line":59,"column":22},"end":{"line":59,"column":32}},"7":{"start":{"line":61,"column":4},"end":{"line":72,"column":7}},"8":{"start":{"line":62,"column":31},"end":{"line":70,"column":9}},"9":{"start":{"line":63,"column":12},"end":{"line":69,"column":13}},"10":{"start":{"line":64,"column":16},"end":{"line":64,"column":42}},"11":{"start":{"line":65,"column":19},"end":{"line":69,"column":13}},"12":{"start":{"line":66,"column":16},"end":{"line":66,"column":70}},"13":{"start":{"line":68,"column":16},"end":{"line":68,"column":47}},"14":{"start":{"line":71,"column":8},"end":{"line":71,"column":25}},"15":{"start":{"line":79,"column":31},"end":{"line":89,"column":1}},"16":{"start":{"line":80,"column":4},"end":{"line":88,"column":7}},"17":{"start":{"line":96,"column":38},"end":{"line":105,"column":1}},"18":{"start":{"line":97,"column":4},"end":{"line":104,"column":7}},"19":{"start":{"line":111,"column":27},"end":{"line":113,"column":1}},"20":{"start":{"line":112,"column":4},"end":{"line":112,"column":36}},"21":{"start":{"line":118,"column":31},"end":{"line":129,"column":1}},"22":{"start":{"line":119,"column":4},"end":{"line":128,"column":6}},"23":{"start":{"line":136,"column":34},"end":{"line":142,"column":2}},"24":{"start":{"line":136,"column":59},"end":{"line":142,"column":1}},"25":{"start":{"line":149,"column":31},"end":{"line":157,"column":1}},"26":{"start":{"line":150,"column":18},"end":{"line":150,"column":36}},"27":{"start":{"line":151,"column":4},"end":{"line":155,"column":6}},"28":{"start":{"line":156,"column":4},"end":{"line":156,"column":17}},"29":{"start":{"line":163,"column":35},"end":{"line":165,"column":1}},"30":{"start":{"line":164,"column":4},"end":{"line":164,"column":38}},"31":{"start":{"line":171,"column":34},"end":{"line":175,"column":1}},"32":{"start":{"line":172,"column":4},"end":{"line":174,"column":7}},"33":{"start":{"line":173,"column":8},"end":{"line":173,"column":23}},"34":{"start":{"line":181,"column":33},"end":{"line":185,"column":2}},"35":{"start":{"line":181,"column":40},"end":{"line":185,"column":1}},"36":{"start":{"line":192,"column":38},"end":{"line":198,"column":1}},"37":{"start":{"line":193,"column":4},"end":{"line":197,"column":6}},"38":{"start":{"line":195,"column":19},"end":{"line":195,"column":33}},"39":{"start":{"line":204,"column":27},"end":{"line":209,"column":1}},"40":{"start":{"line":205,"column":27},"end":{"line":205,"column":40}},"41":{"start":{"line":206,"column":4},"end":{"line":208,"column":7}},"42":{"start":{"line":215,"column":29},"end":{"line":220,"column":1}},"43":{"start":{"line":216,"column":4},"end":{"line":219,"column":7}},"44":{"start":{"line":225,"column":32},"end":{"line":240,"column":1}},"45":{"start":{"line":226,"column":18},"end":{"line":226,"column":20}},"46":{"start":{"line":228,"column":4},"end":{"line":239,"column":6}},"47":{"start":{"line":229,"column":34},"end":{"line":229,"column":52}},"48":{"start":{"line":231,"column":12},"end":{"line":231,"column":42}},"49":{"start":{"line":234,"column":12},"end":{"line":234,"column":30}},"50":{"start":{"line":237,"column":12},"end":{"line":237,"column":65}},"51":{"start":{"line":237,"column":46},"end":{"line":237,"column":63}},"52":{"start":{"line":246,"column":37},"end":{"line":249,"column":1}},"53":{"start":{"line":247,"column":4},"end":{"line":247,"column":33}},"54":{"start":{"line":248,"column":4},"end":{"line":248,"column":56}},"55":{"start":{"line":248,"column":33},"end":{"line":248,"column":54}}},"fnMap":{"0":{"name":"(anonymous_0)","decl":{"start":{"line":16,"column":30},"end":{"line":16,"column":31}},"loc":{"start":{"line":16,"column":36},"end":{"line":50,"column":1}},"line":16},"1":{"name":"(anonymous_1)","decl":{"start":{"line":58,"column":34},"end":{"line":58,"column":35}},"loc":{"start":{"line":58,"column":78},"end":{"line":73,"column":1}},"line":58},"2":{"name":"(anonymous_2)","decl":{"start":{"line":61,"column":23},"end":{"line":61,"column":24}},"loc":{"start":{"line":61,"column":44},"end":{"line":72,"column":5}},"line":61},"3":{"name":"(anonymous_3)","decl":{"start":{"line":62,"column":31},"end":{"line":62,"column":32}},"loc":{"start":{"line":62,"column":37},"end":{"line":70,"column":9}},"line":62},"4":{"name":"(anonymous_4)","decl":{"start":{"line":79,"column":31},"end":{"line":79,"column":32}},"loc":{"start":{"line":79,"column":51},"end":{"line":89,"column":1}},"line":79},"5":{"name":"(anonymous_5)","decl":{"start":{"line":96,"column":38},"end":{"line":96,"column":39}},"loc":{"start":{"line":96,"column":55},"end":{"line":105,"column":1}},"line":96},"6":{"name":"(anonymous_6)","decl":{"start":{"line":111,"column":27},"end":{"line":111,"column":28}},"loc":{"start":{"line":111,"column":44},"end":{"line":113,"column":1}},"line":111},"7":{"name":"(anonymous_7)","decl":{"start":{"line":118,"column":31},"end":{"line":118,"column":32}},"loc":{"start":{"line":118,"column":37},"end":{"line":129,"column":1}},"line":118},"8":{"name":"(anonymous_8)","decl":{"start":{"line":136,"column":34},"end":{"line":136,"column":35}},"loc":{"start":{"line":136,"column":59},"end":{"line":142,"column":1}},"line":136},"9":{"name":"(anonymous_9)","decl":{"start":{"line":149,"column":31},"end":{"line":149,"column":32}},"loc":{"start":{"line":149,"column":58},"end":{"line":157,"column":1}},"line":149},"10":{"name":"(anonymous_10)","decl":{"start":{"line":163,"column":35},"end":{"line":163,"column":36}},"loc":{"start":{"line":163,"column":57},"end":{"line":165,"column":1}},"line":163},"11":{"name":"(anonymous_11)","decl":{"start":{"line":171,"column":34},"end":{"line":171,"column":35}},"loc":{"start":{"line":171,"column":52},"end":{"line":175,"column":1}},"line":171},"12":{"name":"(anonymous_12)","decl":{"start":{"line":172,"column":14},"end":{"line":172,"column":15}},"loc":{"start":{"line":172,"column":26},"end":{"line":174,"column":5}},"line":172},"13":{"name":"(anonymous_13)","decl":{"start":{"line":181,"column":33},"end":{"line":181,"column":34}},"loc":{"start":{"line":181,"column":40},"end":{"line":185,"column":1}},"line":181},"14":{"name":"(anonymous_14)","decl":{"start":{"line":192,"column":38},"end":{"line":192,"column":39}},"loc":{"start":{"line":192,"column":71},"end":{"line":198,"column":1}},"line":192},"15":{"name":"(anonymous_15)","decl":{"start":{"line":195,"column":8},"end":{"line":195,"column":9}},"loc":{"start":{"line":195,"column":19},"end":{"line":195,"column":33}},"line":195},"16":{"name":"(anonymous_16)","decl":{"start":{"line":204,"column":27},"end":{"line":204,"column":28}},"loc":{"start":{"line":204,"column":33},"end":{"line":209,"column":1}},"line":204},"17":{"name":"(anonymous_17)","decl":{"start":{"line":215,"column":29},"end":{"line":215,"column":30}},"loc":{"start":{"line":215,"column":46},"end":{"line":220,"column":1}},"line":215},"18":{"name":"(anonymous_18)","decl":{"start":{"line":225,"column":32},"end":{"line":225,"column":33}},"loc":{"start":{"line":225,"column":38},"end":{"line":240,"column":1}},"line":225},"19":{"name":"(anonymous_19)","decl":{"start":{"line":229,"column":25},"end":{"line":229,"column":26}},"loc":{"start":{"line":229,"column":34},"end":{"line":229,"column":52}},"line":229},"20":{"name":"(anonymous_20)","decl":{"start":{"line":230,"column":25},"end":{"line":230,"column":26}},"loc":{"start":{"line":230,"column":41},"end":{"line":232,"column":9}},"line":230},"21":{"name":"(anonymous_21)","decl":{"start":{"line":233,"column":28},"end":{"line":233,"column":29}},"loc":{"start":{"line":233,"column":37},"end":{"line":235,"column":9}},"line":233},"22":{"name":"(anonymous_22)","decl":{"start":{"line":236,"column":23},"end":{"line":236,"column":24}},"loc":{"start":{"line":236,"column":29},"end":{"line":238,"column":9}},"line":236},"23":{"name":"(anonymous_23)","decl":{"start":{"line":237,"column":39},"end":{"line":237,"column":40}},"loc":{"start":{"line":237,"column":46},"end":{"line":237,"column":63}},"line":237},"24":{"name":"(anonymous_24)","decl":{"start":{"line":246,"column":37},"end":{"line":246,"column":38}},"loc":{"start":{"line":246,"column":51},"end":{"line":249,"column":1}},"line":246},"25":{"name":"(anonymous_25)","decl":{"start":{"line":248,"column":22},"end":{"line":248,"column":23}},"loc":{"start":{"line":248,"column":33},"end":{"line":248,"column":54}},"line":248}},"branchMap":{"0":{"loc":{"start":{"line":58,"column":59},"end":{"line":58,"column":73}},"type":"default-arg","locations":[{"start":{"line":58,"column":69},"end":{"line":58,"column":73}}],"line":58},"1":{"loc":{"start":{"line":63,"column":12},"end":{"line":69,"column":13}},"type":"if","locations":[{"start":{"line":63,"column":12},"end":{"line":69,"column":13}},{"start":{"line":65,"column":19},"end":{"line":69,"column":13}}],"line":63},"2":{"loc":{"start":{"line":65,"column":19},"end":{"line":69,"column":13}},"type":"if","locations":[{"start":{"line":65,"column":19},"end":{"line":69,"column":13}},{"start":{"line":67,"column":19},"end":{"line":69,"column":13}}],"line":65},"3":{"loc":{"start":{"line":79,"column":32},"end":{"line":79,"column":46}},"type":"default-arg","locations":[{"start":{"line":79,"column":44},"end":{"line":79,"column":46}}],"line":79},"4":{"loc":{"start":{"line":111,"column":28},"end":{"line":111,"column":39}},"type":"default-arg","locations":[{"start":{"line":111,"column":37},"end":{"line":111,"column":39}}],"line":111},"5":{"loc":{"start":{"line":136,"column":41},"end":{"line":136,"column":53}},"type":"default-arg","locations":[{"start":{"line":136,"column":50},"end":{"line":136,"column":53}}],"line":136},"6":{"loc":{"start":{"line":149,"column":41},"end":{"line":149,"column":53}},"type":"default-arg","locations":[{"start":{"line":149,"column":50},"end":{"line":149,"column":53}}],"line":149},"7":{"loc":{"start":{"line":163,"column":40},"end":{"line":163,"column":52}},"type":"default-arg","locations":[{"start":{"line":163,"column":50},"end":{"line":163,"column":52}}],"line":163},"8":{"loc":{"start":{"line":192,"column":52},"end":{"line":192,"column":66}},"type":"default-arg","locations":[{"start":{"line":192,"column":62},"end":{"line":192,"column":66}}],"line":192},"9":{"loc":{"start":{"line":215,"column":30},"end":{"line":215,"column":41}},"type":"default-arg","locations":[{"start":{"line":215,"column":39},"end":{"line":215,"column":41}}],"line":215},"10":{"loc":{"start":{"line":229,"column":34},"end":{"line":229,"column":52}},"type":"binary-expr","locations":[{"start":{"line":229,"column":34},"end":{"line":229,"column":44}},{"start":{"line":229,"column":48},"end":{"line":229,"column":52}}],"line":229}},"s":{"0":0,"1":0,"2":0,"3":0,"4":0,"5":0,"6":0,"7":0,"8":0,"9":0,"10":0,"11":0,"12":0,"13":0,"14":0,"15":0,"16":0,"17":0,"18":0,"19":0,"20":0,"21":0,"22":0,"23":0,"24":0,"25":0,"26":0,"27":0,"28":0,"29":0,"30":0,"31":0,"32":0,"33":0,"34":0,"35":0,"36":0,"37":0,"38":0,"39":0,"40":0,"41":0,"42":0,"43":0,"44":0,"45":0,"46":0,"47":0,"48":0,"49":0,"50":0,"51":0,"52":0,"53":0,"54":0,"55":0},"f":{"0":0,"1":0,"2":0,"3":0,"4":0,"5":0,"6":0,"7":0,"8":0,"9":0,"10":0,"11":0,"12":0,"13":0,"14":0,"15":0,"16":0,"17":0,"18":0,"19":0,"20":0,"21":0,"22":0,"23":0,"24":0,"25":0},"b":{"0":[0],"1":[0,0],"2":[0,0],"3":[0],"4":[0],"5":[0],"6":[0],"7":[0],"8":[0],"9":[0],"10":[0,0]}}
}
