TN:
SF:src/App.js
FN:28,App
FNF:1
FNH:0
FNDA:0,App
DA:29,0
LF:1
LH:0
BRF:0
BRH:0
end_of_record
TN:
SF:src/index.js
FNF:0
FNH:0
DA:5,0
DA:6,0
LF:2
LH:0
BRF:0
BRH:0
end_of_record
TN:
SF:src/api/axiosConfig.js
FN:17,(anonymous_0)
FN:27,(anonymous_1)
FN:34,(anonymous_2)
FN:38,(anonymous_3)
FNF:4
FNH:0
FNDA:0,(anonymous_0)
FNDA:0,(anonymous_1)
FNDA:0,(anonymous_2)
FNDA:0,(anonymous_3)
DA:7,0
DA:16,0
DA:19,0
DA:20,0
DA:21,0
DA:24,0
DA:25,0
DA:28,0
DA:33,0
DA:35,0
DA:36,0
DA:39,0
DA:40,0
DA:43,0
DA:44,0
DA:45,0
DA:47,0
DA:49,0
DA:52,0
DA:53,0
DA:55,0
DA:57,0
LF:22
LH:0
BRDA:20,0,0,0
BRDA:20,0,1,0
BRDA:39,1,0,0
BRDA:39,1,1,0
BRDA:43,2,0,0
BRDA:43,2,1,0
BRDA:47,3,0,0
BRDA:47,3,1,0
BRDA:47,4,0,0
BRDA:47,4,1,0
BRDA:52,5,0,0
BRDA:52,5,1,0
BRF:12
BRH:0
end_of_record
TN:
SF:src/components/AboutSection.js
FN:6,AboutSection
FN:73,(anonymous_1)
FNF:2
FNH:0
FNDA:0,AboutSection
FNDA:0,(anonymous_1)
DA:7,0
DA:30,0
DA:74,0
LF:3
LH:0
BRF:0
BRH:0
end_of_record
TN:
SF:src/components/Categories.js
FN:6,Categories
FN:67,(anonymous_1)
FNF:2
FNH:0
FNDA:0,Categories
FNDA:0,(anonymous_1)
DA:7,0
DA:52,0
DA:68,0
LF:3
LH:0
BRF:0
BRH:0
end_of_record
TN:
SF:src/components/CheckoutForm.js
FN:5,CheckoutForm
FN:14,(anonymous_1)
FN:27,(anonymous_2)
FN:38,(anonymous_3)
FN:40,(anonymous_4)
FN:44,(anonymous_5)
FN:48,(anonymous_6)
FN:50,(anonymous_7)
FN:52,(anonymous_8)
FN:55,(anonymous_9)
FN:76,(anonymous_10)
FNF:11
FNH:0
FNDA:0,CheckoutForm
FNDA:0,(anonymous_1)
FNDA:0,(anonymous_2)
FNDA:0,(anonymous_3)
FNDA:0,(anonymous_4)
FNDA:0,(anonymous_5)
FNDA:0,(anonymous_6)
FNDA:0,(anonymous_7)
FNDA:0,(anonymous_8)
FNDA:0,(anonymous_9)
FNDA:0,(anonymous_10)
DA:6,0
DA:11,0
DA:12,0
DA:14,0
DA:15,0
DA:16,0
DA:18,0
DA:19,0
DA:21,0
DA:22,0
DA:24,0
DA:27,0
DA:28,0
DA:29,0
DA:31,0
DA:32,0
DA:33,0
DA:35,0
DA:38,0
DA:39,0
DA:40,0
DA:42,0
DA:43,0
DA:44,0
DA:48,0
DA:49,0
DA:50,0
DA:51,0
DA:52,0
DA:55,0
DA:56,0
DA:58,0
DA:59,0
DA:61,0
DA:62,0
DA:66,0
DA:70,0
DA:73,0
DA:76,0
DA:77,0
DA:84,0
LF:41
LH:0
BRDA:15,0,0,0
BRDA:15,0,1,0
BRDA:18,1,0,0
BRDA:18,1,1,0
BRDA:21,2,0,0
BRDA:21,2,1,0
BRDA:28,3,0,0
BRDA:28,3,1,0
BRDA:32,4,0,0
BRDA:32,4,1,0
BRDA:42,5,0,0
BRDA:42,5,1,0
BRDA:43,6,0,0
BRDA:43,6,1,0
BRDA:51,7,0,0
BRDA:51,7,1,0
BRDA:61,8,0,0
BRDA:61,8,1,0
BRDA:61,9,0,0
BRDA:61,9,1,0
BRDA:107,10,0,0
BRDA:107,10,1,0
BRDA:108,11,0,0
BRDA:108,11,1,0
BRDA:108,11,2,0
BRDA:111,12,0,0
BRDA:111,12,1,0
BRDA:111,13,0,0
BRDA:111,13,1,0
BRDA:112,14,0,0
BRDA:112,14,1,0
BRDA:114,15,0,0
BRDA:114,15,1,0
BRDA:114,15,2,0
BRDA:120,16,0,0
BRDA:120,16,1,0
BRDA:120,16,2,0
BRDA:120,16,3,0
BRDA:142,17,0,0
BRDA:142,17,1,0
BRDA:143,18,0,0
BRDA:143,18,1,0
BRDA:143,18,2,0
BRDA:146,19,0,0
BRDA:146,19,1,0
BRDA:146,20,0,0
BRDA:146,20,1,0
BRDA:147,21,0,0
BRDA:147,21,1,0
BRDA:152,22,0,0
BRDA:152,22,1,0
BRDA:152,22,2,0
BRDA:158,23,0,0
BRDA:158,23,1,0
BRDA:158,23,2,0
BRDA:158,23,3,0
BRDA:172,24,0,0
BRDA:172,24,1,0
BRDA:174,25,0,0
BRDA:174,25,1,0
BRF:60
BRH:0
end_of_record
TN:
SF:src/components/EventCalendar.js
FN:8,EventCalendar
FN:14,(anonymous_1)
FN:25,(anonymous_2)
FN:29,(anonymous_3)
FN:33,(anonymous_4)
FN:34,(anonymous_5)
FN:48,(anonymous_6)
FN:54,(anonymous_7)
FN:114,(anonymous_8)
FN:151,(anonymous_9)
FN:154,(anonymous_10)
FN:161,(anonymous_11)
FN:166,(anonymous_12)
FNF:13
FNH:0
FNDA:0,EventCalendar
FNDA:0,(anonymous_1)
FNDA:0,(anonymous_2)
FNDA:0,(anonymous_3)
FNDA:0,(anonymous_4)
FNDA:0,(anonymous_5)
FNDA:0,(anonymous_6)
FNDA:0,(anonymous_7)
FNDA:0,(anonymous_8)
FNDA:0,(anonymous_9)
FNDA:0,(anonymous_10)
FNDA:0,(anonymous_11)
FNDA:0,(anonymous_12)
DA:9,0
DA:12,0
DA:14,0
DA:15,0
DA:18,0
DA:23,0
DA:25,0
DA:26,0
DA:29,0
DA:30,0
DA:33,0
DA:34,0
DA:35,0
DA:36,0
DA:37,0
DA:41,0
DA:42,0
DA:43,0
DA:44,0
DA:45,0
DA:48,0
DA:49,0
DA:50,0
DA:54,0
DA:57,0
DA:60,0
DA:61,0
DA:62,0
DA:70,0
DA:71,0
DA:80,0
DA:81,0
DA:82,0
DA:90,0
DA:92,0
DA:115,0
DA:116,0
DA:151,0
DA:154,0
DA:162,0
DA:167,0
LF:41
LH:0
BRDA:50,0,0,0
BRDA:50,0,1,0
BRDA:74,1,0,0
BRDA:74,1,1,0
BRDA:74,1,2,0
BRDA:113,2,0,0
BRDA:113,2,1,0
BRDA:170,3,0,0
BRDA:170,3,1,0
BRDA:171,4,0,0
BRDA:171,4,1,0
BRDA:172,5,0,0
BRDA:172,5,1,0
BRF:13
BRH:0
end_of_record
TN:
SF:src/components/EventCard.js
FN:5,EventCard
FN:6,(anonymous_1)
FN:18,(anonymous_2)
FN:95,(anonymous_3)
FNF:4
FNH:0
FNDA:0,EventCard
FNDA:0,(anonymous_1)
FNDA:0,(anonymous_2)
FNDA:0,(anonymous_3)
DA:6,0
DA:7,0
DA:8,0
DA:18,0
DA:19,0
DA:26,0
DA:28,0
DA:95,0
LF:8
LH:0
BRDA:36,0,0,0
BRDA:36,0,1,0
BRDA:49,1,0,0
BRDA:49,1,1,0
BRDA:50,2,0,0
BRDA:50,2,1,0
BRDA:52,3,0,0
BRDA:52,3,1,0
BRDA:97,4,0,0
BRDA:97,4,1,0
BRDA:99,5,0,0
BRDA:99,5,1,0
BRF:12
BRH:0
end_of_record
TN:
SF:src/components/EventList.js
FN:11,EventList
FN:38,(anonymous_1)
FN:42,(anonymous_2)
FN:49,(anonymous_3)
FN:55,(anonymous_4)
FN:67,(anonymous_5)
FN:74,(anonymous_6)
FN:78,(anonymous_7)
FN:138,(anonymous_8)
FN:141,(anonymous_9)
FN:151,(anonymous_10)
FN:154,(anonymous_11)
FN:163,(anonymous_12)
FN:166,(anonymous_13)
FN:175,(anonymous_14)
FN:212,(anonymous_15)
FN:255,(anonymous_16)
FNF:17
FNH:0
FNDA:0,EventList
FNDA:0,(anonymous_1)
FNDA:0,(anonymous_2)
FNDA:0,(anonymous_3)
FNDA:0,(anonymous_4)
FNDA:0,(anonymous_5)
FNDA:0,(anonymous_6)
FNDA:0,(anonymous_7)
FNDA:0,(anonymous_8)
FNDA:0,(anonymous_9)
FNDA:0,(anonymous_10)
FNDA:0,(anonymous_11)
FNDA:0,(anonymous_12)
FNDA:0,(anonymous_13)
FNDA:0,(anonymous_14)
FNDA:0,(anonymous_15)
FNDA:0,(anonymous_16)
DA:12,0
DA:13,0
DA:35,0
DA:38,0
DA:39,0
DA:42,0
DA:43,0
DA:44,0
DA:45,0
DA:49,0
DA:50,0
DA:51,0
DA:55,0
DA:56,0
DA:57,0
DA:67,0
DA:68,0
DA:74,0
DA:75,0
DA:78,0
DA:79,0
DA:80,0
DA:83,0
DA:84,0
DA:94,0
DA:95,0
DA:108,0
DA:109,0
DA:119,0
DA:138,0
DA:141,0
DA:151,0
DA:155,0
DA:163,0
DA:167,0
DA:175,0
DA:213,0
DA:255,0
LF:38
LH:0
BRDA:50,0,0,0
BRDA:50,0,1,0
BRDA:83,1,0,0
BRDA:83,1,1,0
BRDA:83,2,0,0
BRDA:83,2,1,0
BRDA:94,3,0,0
BRDA:94,3,1,0
BRDA:94,4,0,0
BRDA:94,4,1,0
BRDA:108,5,0,0
BRDA:108,5,1,0
BRDA:140,6,0,0
BRDA:140,6,1,0
BRDA:190,7,0,0
BRDA:190,7,1,0
BRDA:190,7,2,0
BRDA:190,7,3,0
BRDA:190,7,4,0
BRDA:202,8,0,0
BRDA:202,8,1,0
BRDA:217,9,0,0
BRDA:217,9,1,0
BRDA:226,10,0,0
BRDA:226,10,1,0
BRDA:227,11,0,0
BRDA:227,11,1,0
BRDA:258,12,0,0
BRDA:258,12,1,0
BRF:29
BRH:0
end_of_record
TN:
SF:src/components/FeaturedEvents.js
FN:9,FeaturedEvents
FN:15,(anonymous_1)
FN:19,(anonymous_2)
FN:29,(anonymous_3)
FN:37,(anonymous_4)
FN:44,(anonymous_5)
FN:64,(anonymous_6)
FN:98,(anonymous_7)
FN:149,(anonymous_8)
FNF:9
FNH:0
FNDA:0,FeaturedEvents
FNDA:0,(anonymous_1)
FNDA:0,(anonymous_2)
FNDA:0,(anonymous_3)
FNDA:0,(anonymous_4)
FNDA:0,(anonymous_5)
FNDA:0,(anonymous_6)
FNDA:0,(anonymous_7)
FNDA:0,(anonymous_8)
DA:10,0
DA:13,0
DA:15,0
DA:16,0
DA:19,0
DA:20,0
DA:21,0
DA:29,0
DA:30,0
DA:37,0
DA:38,0
DA:39,0
DA:40,0
DA:41,0
DA:44,0
DA:45,0
DA:49,0
DA:51,0
DA:52,0
DA:65,0
DA:82,0
DA:99,0
DA:100,0
DA:102,0
DA:149,0
LF:25
LH:0
BRDA:39,0,0,0
BRDA:39,0,1,0
BRDA:40,1,0,0
BRDA:40,1,1,0
BRDA:51,2,0,0
BRDA:51,2,1,0
BRDA:51,3,0,0
BRDA:51,3,1,0
BRDA:107,4,0,0
BRDA:107,4,1,0
BRDA:152,5,0,0
BRDA:152,5,1,0
BRF:12
BRH:0
end_of_record
TN:
SF:src/components/HeroSection.js
FN:7,HeroSection
FN:29,(anonymous_1)
FN:30,(anonymous_2)
FN:31,(anonymous_3)
FN:33,(anonymous_4)
FN:40,(anonymous_5)
FN:97,(anonymous_6)
FN:101,(anonymous_7)
FNF:8
FNH:0
FNDA:0,HeroSection
FNDA:0,(anonymous_1)
FNDA:0,(anonymous_2)
FNDA:0,(anonymous_3)
FNDA:0,(anonymous_4)
FNDA:0,(anonymous_5)
FNDA:0,(anonymous_6)
FNDA:0,(anonymous_7)
DA:8,0
DA:10,0
DA:29,0
DA:30,0
DA:31,0
DA:33,0
DA:36,0
DA:41,0
DA:98,0
DA:101,0
LF:10
LH:0
BRDA:43,0,0,0
BRDA:43,0,1,0
BRDA:100,1,0,0
BRDA:100,1,1,0
BRF:4
BRH:0
end_of_record
TN:
SF:src/components/HomePage.js
FN:15,HomePage
FNF:1
FNH:0
FNDA:0,HomePage
DA:17,0
LF:1
LH:0
BRF:0
BRH:0
end_of_record
TN:
SF:src/components/ModernFooter.js
FN:7,ModernFooter
FN:51,(anonymous_1)
FN:68,(anonymous_2)
FN:83,(anonymous_3)
FNF:4
FNH:0
FNDA:0,ModernFooter
FNDA:0,(anonymous_1)
FNDA:0,(anonymous_2)
FNDA:0,(anonymous_3)
DA:8,0
DA:10,0
DA:18,0
DA:26,0
DA:33,0
DA:52,0
DA:69,0
DA:84,0
LF:8
LH:0
BRF:0
BRH:0
end_of_record
TN:
SF:src/components/ModernNavbar.js
FN:10,ModernNavbar
FN:20,(anonymous_1)
FN:27,(anonymous_2)
FN:28,(anonymous_3)
FN:33,(anonymous_4)
FN:36,(anonymous_5)
FN:58,(anonymous_6)
FN:100,(anonymous_7)
FN:114,(anonymous_8)
FN:119,(anonymous_9)
FN:148,(anonymous_10)
FN:156,(anonymous_11)
FNF:12
FNH:0
FNDA:0,ModernNavbar
FNDA:0,(anonymous_1)
FNDA:0,(anonymous_2)
FNDA:0,(anonymous_3)
FNDA:0,(anonymous_4)
FNDA:0,(anonymous_5)
FNDA:0,(anonymous_6)
FNDA:0,(anonymous_7)
FNDA:0,(anonymous_8)
FNDA:0,(anonymous_9)
FNDA:0,(anonymous_10)
FNDA:0,(anonymous_11)
DA:11,0
DA:12,0
DA:13,0
DA:14,0
DA:17,0
DA:18,0
DA:20,0
DA:21,0
DA:22,0
DA:23,0
DA:24,0
DA:27,0
DA:28,0
DA:29,0
DA:32,0
DA:33,0
DA:36,0
DA:38,0
DA:46,0
DA:59,0
DA:100,0
DA:115,0
DA:119,0
DA:148,0
DA:156,0
LF:25
LH:0
BRDA:47,0,0,0
BRDA:47,0,1,0
BRDA:62,1,0,0
BRDA:62,1,1,0
BRDA:71,2,0,0
BRDA:71,2,1,0
BRDA:111,3,0,0
BRDA:111,3,1,0
BRDA:118,4,0,0
BRDA:118,4,1,0
BRDA:128,5,0,0
BRDA:128,5,1,0
BRF:12
BRH:0
end_of_record
TN:
SF:src/components/Navbar.js
FN:9,Navbar
FNF:1
FNH:0
FNDA:0,Navbar
DA:10,0
LF:1
LH:0
BRF:0
BRH:0
end_of_record
TN:
SF:src/components/Newsletter.js
FN:6,Newsletter
FN:10,(anonymous_1)
FN:15,(anonymous_2)
FN:43,(anonymous_3)
FNF:4
FNH:0
FNDA:0,Newsletter
FNDA:0,(anonymous_1)
FNDA:0,(anonymous_2)
FNDA:0,(anonymous_3)
DA:7,0
DA:8,0
DA:10,0
DA:11,0
DA:12,0
DA:13,0
DA:14,0
DA:15,0
DA:19,0
DA:43,0
LF:10
LH:0
BRDA:12,0,0,0
BRDA:12,0,1,0
BRDA:31,1,0,0
BRDA:31,1,1,0
BRF:4
BRH:0
end_of_record
TN:
SF:src/components/SkipLink.js
FN:3,SkipLink
FNF:1
FNH:0
FNDA:0,SkipLink
DA:4,0
LF:1
LH:0
BRF:0
BRH:0
end_of_record
TN:
SF:src/components/Testimonials.js
FN:6,Testimonials
FN:46,(anonymous_1)
FN:50,(anonymous_2)
FNF:3
FNH:0
FNDA:0,Testimonials
FNDA:0,(anonymous_1)
FNDA:0,(anonymous_2)
DA:7,0
DA:31,0
DA:47,0
DA:51,0
LF:4
LH:0
BRF:0
BRH:0
end_of_record
TN:
SF:src/components/TicketCheckout.js
FN:12,TicketCheckout
FN:18,(anonymous_1)
FN:19,(anonymous_2)
FN:34,(anonymous_3)
FN:35,(anonymous_4)
FN:59,(anonymous_5)
FN:61,(anonymous_6)
FN:71,(anonymous_7)
FN:85,(anonymous_8)
FN:134,(anonymous_9)
FN:141,(anonymous_10)
FN:207,(anonymous_11)
FN:313,(anonymous_12)
FNF:13
FNH:0
FNDA:0,TicketCheckout
FNDA:0,(anonymous_1)
FNDA:0,(anonymous_2)
FNDA:0,(anonymous_3)
FNDA:0,(anonymous_4)
FNDA:0,(anonymous_5)
FNDA:0,(anonymous_6)
FNDA:0,(anonymous_7)
FNDA:0,(anonymous_8)
FNDA:0,(anonymous_9)
FNDA:0,(anonymous_10)
FNDA:0,(anonymous_11)
FNDA:0,(anonymous_12)
DA:13,0
DA:14,0
DA:15,0
DA:18,0
DA:19,0
DA:21,0
DA:22,0
DA:23,0
DA:24,0
DA:25,0
DA:27,0
DA:34,0
DA:35,0
DA:36,0
DA:37,0
DA:39,0
DA:42,0
DA:43,0
DA:46,0
DA:48,0
DA:49,0
DA:50,0
DA:52,0
DA:56,0
DA:59,0
DA:60,0
DA:61,0
DA:66,0
DA:67,0
DA:71,0
DA:72,0
DA:73,0
DA:74,0
DA:75,0
DA:77,0
DA:78,0
DA:79,0
DA:81,0
DA:82,0
DA:85,0
DA:86,0
DA:88,0
DA:89,0
DA:90,0
DA:93,0
DA:94,0
DA:95,0
DA:98,0
DA:99,0
DA:100,0
DA:102,0
DA:110,0
DA:113,0
DA:114,0
DA:117,0
DA:120,0
DA:125,0
DA:126,0
DA:127,0
DA:128,0
DA:130,0
DA:134,0
DA:135,0
DA:141,0
DA:142,0
DA:143,0
DA:146,0
DA:147,0
DA:155,0
DA:156,0
DA:163,0
DA:207,0
DA:313,0
LF:73
LH:0
BRDA:42,0,0,0
BRDA:42,0,1,0
BRDA:66,1,0,0
BRDA:66,1,1,0
BRDA:73,2,0,0
BRDA:73,2,1,0
BRDA:77,3,0,0
BRDA:77,3,1,0
BRDA:88,4,0,0
BRDA:88,4,1,0
BRDA:88,5,0,0
BRDA:88,5,1,0
BRDA:88,5,2,0
BRDA:93,6,0,0
BRDA:93,6,1,0
BRDA:93,7,0,0
BRDA:93,7,1,0
BRDA:125,8,0,0
BRDA:125,8,1,0
BRDA:142,9,0,0
BRDA:142,9,1,0
BRDA:146,10,0,0
BRDA:146,10,1,0
BRDA:155,11,0,0
BRDA:155,11,1,0
BRDA:171,12,0,0
BRDA:171,12,1,0
BRDA:206,13,0,0
BRDA:206,13,1,0
BRDA:236,14,0,0
BRDA:236,14,1,0
BRDA:294,15,0,0
BRDA:294,15,1,0
BRDA:296,16,0,0
BRDA:296,16,1,0
BRF:35
BRH:0
end_of_record
TN:
SF:src/components/TicketConfirmation.js
FN:11,TicketConfirmation
FN:18,(anonymous_1)
FN:32,(anonymous_2)
FN:40,(anonymous_3)
FN:47,(anonymous_4)
FN:168,(anonymous_5)
FN:182,(anonymous_6)
FNF:7
FNH:0
FNDA:0,TicketConfirmation
FNDA:0,(anonymous_1)
FNDA:0,(anonymous_2)
FNDA:0,(anonymous_3)
FNDA:0,(anonymous_4)
FNDA:0,(anonymous_5)
FNDA:0,(anonymous_6)
DA:12,0
DA:13,0
DA:14,0
DA:15,0
DA:18,0
DA:19,0
DA:20,0
DA:22,0
DA:26,0
DA:27,0
DA:32,0
DA:40,0
DA:41,0
DA:47,0
DA:48,0
DA:49,0
DA:59,0
DA:168,0
DA:182,0
LF:19
LH:0
BRDA:19,0,0,0
BRDA:19,0,1,0
BRDA:26,1,0,0
BRDA:26,1,1,0
BRF:4
BRH:0
end_of_record
TN:
SF:src/components/TicketConfirmationModal.js
FN:6,TicketConfirmation
FN:9,(anonymous_1)
FN:21,(anonymous_2)
FN:140,(anonymous_3)
FNF:4
FNH:0
FNDA:0,TicketConfirmation
FNDA:0,(anonymous_1)
FNDA:0,(anonymous_2)
FNDA:0,(anonymous_3)
DA:7,0
DA:9,0
DA:10,0
DA:11,0
DA:21,0
DA:22,0
DA:29,0
DA:140,0
LF:8
LH:0
BRDA:7,0,0,0
BRDA:7,0,1,0
BRF:2
BRH:0
end_of_record
TN:
SF:src/components/ToastNotification.js
FN:9,ToastNotification
FN:12,(anonymous_1)
FN:26,(anonymous_2)
FN:46,(anonymous_3)
FN:49,(anonymous_4)
FNF:5
FNH:0
FNDA:0,ToastNotification
FNDA:0,(anonymous_1)
FNDA:0,(anonymous_2)
FNDA:0,(anonymous_3)
FNDA:0,(anonymous_4)
DA:10,0
DA:12,0
DA:13,0
DA:15,0
DA:17,0
DA:19,0
DA:22,0
DA:26,0
DA:27,0
DA:29,0
DA:31,0
DA:33,0
DA:36,0
DA:40,0
DA:47,0
DA:49,0
LF:16
LH:0
BRDA:13,0,0,0
BRDA:13,0,1,0
BRDA:13,0,2,0
BRDA:13,0,3,0
BRDA:13,0,4,0
BRDA:27,1,0,0
BRDA:27,1,1,0
BRDA:27,1,2,0
BRDA:27,1,3,0
BRDA:27,1,4,0
BRDA:62,2,0,0
BRDA:62,2,1,0
BRDA:62,3,0,0
BRDA:62,3,1,0
BRF:14
BRH:0
end_of_record
TN:
SF:src/context/AuthContext.js
FN:11,(anonymous_0)
FN:19,(anonymous_1)
FN:35,(anonymous_2)
FN:39,(anonymous_3)
FN:43,(anonymous_4)
FN:55,(anonymous_5)
FNF:6
FNH:0
FNDA:0,(anonymous_0)
FNDA:0,(anonymous_1)
FNDA:0,(anonymous_2)
FNDA:0,(anonymous_3)
FNDA:0,(anonymous_4)
FNDA:0,(anonymous_5)
DA:9,0
DA:11,0
DA:12,0
DA:13,0
DA:14,0
DA:16,0
DA:19,0
DA:32,0
DA:35,0
DA:36,0
DA:39,0
DA:40,0
DA:43,0
DA:47,0
DA:55,0
DA:59,0
LF:16
LH:0
BRDA:13,0,0,0
BRDA:13,0,1,0
BRF:2
BRH:0
end_of_record
TN:
SF:src/pages/AboutPage.js
FN:9,AboutPage
FN:101,(anonymous_1)
FN:183,(anonymous_2)
FN:249,(anonymous_3)
FNF:4
FNH:0
FNDA:0,AboutPage
FNDA:0,(anonymous_1)
FNDA:0,(anonymous_2)
FNDA:0,(anonymous_3)
DA:10,0
DA:48,0
DA:55,0
DA:102,0
DA:184,0
DA:250,0
LF:6
LH:0
BRF:0
BRH:0
end_of_record
TN:
SF:src/pages/AboutSection.js
FN:6,AboutSection
FN:127,(anonymous_1)
FN:138,(anonymous_2)
FN:142,(anonymous_3)
FNF:4
FNH:0
FNDA:0,AboutSection
FNDA:0,(anonymous_1)
FNDA:0,(anonymous_2)
FNDA:0,(anonymous_3)
DA:7,0
DA:34,0
DA:128,0
DA:139,0
DA:140,0
DA:143,0
DA:144,0
LF:7
LH:0
BRF:0
BRH:0
end_of_record
TN:
SF:src/pages/CalendarPage.js
FN:9,CalendarPage
FN:13,(anonymous_1)
FN:14,(anonymous_2)
FNF:3
FNH:0
FNDA:0,CalendarPage
FNDA:0,(anonymous_1)
FNDA:0,(anonymous_2)
DA:10,0
DA:11,0
DA:13,0
DA:14,0
DA:15,0
DA:16,0
DA:17,0
DA:19,0
DA:21,0
DA:25,0
DA:28,0
LF:11
LH:0
BRDA:64,0,0,0
BRDA:64,0,1,0
BRF:2
BRH:0
end_of_record
TN:
SF:src/pages/ContactPage.js
FN:7,ContactPage
FN:16,(anonymous_1)
FN:23,(anonymous_2)
FN:27,(anonymous_3)
FN:222,(anonymous_4)
FN:246,(anonymous_5)
FN:268,(anonymous_6)
FNF:7
FNH:0
FNDA:0,ContactPage
FNDA:0,(anonymous_1)
FNDA:0,(anonymous_2)
FNDA:0,(anonymous_3)
FNDA:0,(anonymous_4)
FNDA:0,(anonymous_5)
FNDA:0,(anonymous_6)
DA:8,0
DA:14,0
DA:16,0
DA:17,0
DA:23,0
DA:24,0
DA:25,0
DA:26,0
DA:27,0
DA:30,0
DA:53,0
DA:223,0
DA:247,0
DA:269,0
LF:14
LH:0
BRDA:105,0,0,0
BRDA:105,0,1,0
BRF:2
BRH:0
end_of_record
TN:
SF:src/pages/EventsPage.js
FN:10,EventsPage
FN:38,(anonymous_1)
FN:42,(anonymous_2)
FN:50,(anonymous_3)
FN:57,(anonymous_4)
FN:63,(anonymous_5)
FN:81,(anonymous_6)
FN:89,(anonymous_7)
FN:96,(anonymous_8)
FN:100,(anonymous_9)
FN:171,(anonymous_10)
FN:180,(anonymous_11)
FN:183,(anonymous_12)
FN:193,(anonymous_13)
FN:196,(anonymous_14)
FN:206,(anonymous_15)
FN:244,(anonymous_16)
FN:295,(anonymous_17)
FNF:18
FNH:0
FNDA:0,EventsPage
FNDA:0,(anonymous_1)
FNDA:0,(anonymous_2)
FNDA:0,(anonymous_3)
FNDA:0,(anonymous_4)
FNDA:0,(anonymous_5)
FNDA:0,(anonymous_6)
FNDA:0,(anonymous_7)
FNDA:0,(anonymous_8)
FNDA:0,(anonymous_9)
FNDA:0,(anonymous_10)
FNDA:0,(anonymous_11)
FNDA:0,(anonymous_12)
FNDA:0,(anonymous_13)
FNDA:0,(anonymous_14)
FNDA:0,(anonymous_15)
FNDA:0,(anonymous_16)
FNDA:0,(anonymous_17)
DA:11,0
DA:12,0
DA:13,0
DA:35,0
DA:38,0
DA:39,0
DA:42,0
DA:43,0
DA:44,0
DA:45,0
DA:50,0
DA:51,0
DA:52,0
DA:53,0
DA:57,0
DA:58,0
DA:59,0
DA:63,0
DA:64,0
DA:65,0
DA:81,0
DA:82,0
DA:89,0
DA:90,0
DA:91,0
DA:92,0
DA:93,0
DA:96,0
DA:97,0
DA:100,0
DA:101,0
DA:102,0
DA:105,0
DA:106,0
DA:120,0
DA:121,0
DA:138,0
DA:171,0
DA:180,0
DA:184,0
DA:193,0
DA:197,0
DA:206,0
DA:245,0
DA:246,0
DA:248,0
DA:295,0
LF:47
LH:0
BRDA:44,0,0,0
BRDA:44,0,1,0
BRDA:58,1,0,0
BRDA:58,1,1,0
BRDA:91,2,0,0
BRDA:91,2,1,0
BRDA:92,3,0,0
BRDA:92,3,1,0
BRDA:105,4,0,0
BRDA:105,4,1,0
BRDA:105,5,0,0
BRDA:105,5,1,0
BRDA:120,6,0,0
BRDA:120,6,1,0
BRDA:120,7,0,0
BRDA:120,7,1,0
BRDA:221,8,0,0
BRDA:221,8,1,0
BRDA:221,8,2,0
BRDA:221,8,3,0
BRDA:221,8,4,0
BRDA:233,9,0,0
BRDA:233,9,1,0
BRDA:253,10,0,0
BRDA:253,10,1,0
BRDA:298,11,0,0
BRDA:298,11,1,0
BRF:27
BRH:0
end_of_record
TN:
SF:src/pages/LoginPage.js
FN:11,LoginPage
FN:21,(anonymous_1)
FN:32,(anonymous_2)
FNF:3
FNH:0
FNDA:0,LoginPage
FNDA:0,(anonymous_1)
FNDA:0,(anonymous_2)
DA:12,0
DA:13,0
DA:14,0
DA:16,0
DA:21,0
DA:22,0
DA:27,0
DA:28,0
DA:32,0
DA:33,0
DA:35,0
DA:37,0
DA:38,0
DA:39,0
DA:41,0
DA:45,0
LF:16
LH:0
BRDA:27,0,0,0
BRDA:27,0,1,0
BRDA:37,1,0,0
BRDA:37,1,1,0
BRDA:41,2,0,0
BRDA:41,2,1,0
BRDA:60,3,0,0
BRDA:60,3,1,0
BRDA:107,4,0,0
BRDA:107,4,1,0
BRF:10
BRH:0
end_of_record
TN:
SF:src/pages/Newsletter.js
FN:6,Newsletter
FN:11,(anonymous_1)
FN:17,(anonymous_2)
FN:119,(anonymous_3)
FN:153,(anonymous_4)
FN:157,(anonymous_5)
FNF:6
FNH:0
FNDA:0,Newsletter
FNDA:0,(anonymous_1)
FNDA:0,(anonymous_2)
FNDA:0,(anonymous_3)
FNDA:0,(anonymous_4)
FNDA:0,(anonymous_5)
DA:7,0
DA:8,0
DA:9,0
DA:11,0
DA:12,0
DA:13,0
DA:15,0
DA:17,0
DA:18,0
DA:19,0
DA:20,0
DA:23,0
DA:119,0
DA:154,0
DA:155,0
DA:158,0
DA:159,0
LF:17
LH:0
BRDA:13,0,0,0
BRDA:13,0,1,0
BRDA:105,1,0,0
BRDA:105,1,1,0
BRDA:162,2,0,0
BRDA:162,2,1,0
BRF:6
BRH:0
end_of_record
TN:
SF:src/pages/RegisterPage.js
FN:11,RegisterPage
FN:33,(anonymous_1)
FN:47,(anonymous_2)
FN:52,(anonymous_3)
FN:114,(anonymous_4)
FN:226,(anonymous_5)
FNF:6
FNH:0
FNDA:0,RegisterPage
FNDA:0,(anonymous_1)
FNDA:0,(anonymous_2)
FNDA:0,(anonymous_3)
FNDA:0,(anonymous_4)
FNDA:0,(anonymous_5)
DA:12,0
DA:13,0
DA:14,0
DA:16,0
DA:24,0
DA:27,0
DA:33,0
DA:34,0
DA:39,0
DA:40,0
DA:42,0
DA:43,0
DA:47,0
DA:48,0
DA:49,0
DA:52,0
DA:53,0
DA:54,0
DA:57,0
DA:58,0
DA:59,0
DA:60,0
DA:64,0
DA:65,0
DA:66,0
DA:67,0
DA:71,0
DA:72,0
DA:73,0
DA:74,0
DA:77,0
DA:85,0
DA:86,0
DA:87,0
DA:89,0
DA:93,0
DA:95,0
DA:115,0
DA:116,0
DA:227,0
LF:40
LH:0
BRDA:39,0,0,0
BRDA:39,0,1,0
BRDA:42,1,0,0
BRDA:42,1,1,0
BRDA:57,2,0,0
BRDA:57,2,1,0
BRDA:64,3,0,0
BRDA:64,3,1,0
BRDA:71,4,0,0
BRDA:71,4,1,0
BRDA:85,5,0,0
BRDA:85,5,1,0
BRDA:89,6,0,0
BRDA:89,6,1,0
BRDA:93,7,0,0
BRDA:93,7,1,0
BRDA:110,8,0,0
BRDA:110,8,1,0
BRDA:239,9,0,0
BRDA:239,9,1,0
BRF:20
BRH:0
end_of_record
TN:
SF:src/pages/Testimonials.js
FN:6,Testimonials
FN:57,(anonymous_1)
FN:58,(anonymous_2)
FN:59,(anonymous_3)
FN:61,(anonymous_4)
FN:170,(anonymous_5)
FN:233,(anonymous_6)
FN:236,(anonymous_7)
FNF:8
FNH:0
FNDA:0,Testimonials
FNDA:0,(anonymous_1)
FNDA:0,(anonymous_2)
FNDA:0,(anonymous_3)
FNDA:0,(anonymous_4)
FNDA:0,(anonymous_5)
FNDA:0,(anonymous_6)
FNDA:0,(anonymous_7)
DA:7,0
DA:9,0
DA:57,0
DA:58,0
DA:59,0
DA:61,0
DA:64,0
DA:171,0
DA:234,0
DA:236,0
LF:10
LH:0
BRDA:238,0,0,0
BRDA:238,0,1,0
BRDA:242,1,0,0
BRDA:242,1,1,0
BRF:4
BRH:0
end_of_record
TN:
SF:src/stores/authStore.js
FN:12,(anonymous_0)
FN:24,(anonymous_1)
FN:60,(anonymous_2)
FN:85,(anonymous_3)
FN:99,(anonymous_4)
FN:106,(anonymous_5)
FN:128,(anonymous_6)
FN:137,(anonymous_7)
FN:157,(anonymous_8)
FN:163,(anonymous_9)
FN:167,(anonymous_10)
FN:180,(anonymous_11)
FN:182,(anonymous_12)
FN:192,(anonymous_13)
FN:197,(anonymous_14)
FN:198,(anonymous_15)
FNF:16
FNH:0
FNDA:0,(anonymous_0)
FNDA:0,(anonymous_1)
FNDA:0,(anonymous_2)
FNDA:0,(anonymous_3)
FNDA:0,(anonymous_4)
FNDA:0,(anonymous_5)
FNDA:0,(anonymous_6)
FNDA:0,(anonymous_7)
FNDA:0,(anonymous_8)
FNDA:0,(anonymous_9)
FNDA:0,(anonymous_10)
FNDA:0,(anonymous_11)
FNDA:0,(anonymous_12)
FNDA:0,(anonymous_13)
FNDA:0,(anonymous_14)
FNDA:0,(anonymous_15)
DA:9,0
DA:12,0
DA:25,0
DA:26,0
DA:27,0
DA:32,0
DA:33,0
DA:34,0
DA:36,0
DA:46,0
DA:48,0
DA:51,0
DA:52,0
DA:54,0
DA:55,0
DA:56,0
DA:61,0
DA:62,0
DA:63,0
DA:71,0
DA:72,0
DA:73,0
DA:76,0
DA:77,0
DA:79,0
DA:80,0
DA:81,0
DA:87,0
DA:89,0
DA:100,0
DA:101,0
DA:102,0
DA:107,0
DA:109,0
DA:110,0
DA:113,0
DA:114,0
DA:115,0
DA:116,0
DA:120,0
DA:121,0
DA:124,0
DA:129,0
DA:130,0
DA:131,0
DA:132,0
DA:138,0
DA:140,0
DA:141,0
DA:144,0
DA:145,0
DA:146,0
DA:147,0
DA:148,0
DA:151,0
DA:152,0
DA:158,0
DA:159,0
DA:163,0
DA:167,0
DA:180,0
DA:181,0
DA:183,0
DA:186,0
DA:187,0
DA:190,0
DA:192,0
DA:196,0
DA:197,0
DA:199,0
DA:200,0
DA:201,0
DA:202,0
DA:204,0
DA:210,0
LF:75
LH:0
BRDA:32,0,0,0
BRDA:32,0,1,0
BRDA:54,1,0,0
BRDA:54,1,1,0
BRDA:71,2,0,0
BRDA:71,2,1,0
BRDA:79,3,0,0
BRDA:79,3,1,0
BRDA:101,4,0,0
BRDA:101,4,1,0
BRDA:109,5,0,0
BRDA:109,5,1,0
BRDA:113,6,0,0
BRDA:113,6,1,0
BRDA:120,7,0,0
BRDA:120,7,1,0
BRDA:120,8,0,0
BRDA:120,8,1,0
BRDA:130,9,0,0
BRDA:130,9,1,0
BRDA:140,10,0,0
BRDA:140,10,1,0
BRDA:146,11,0,0
BRDA:146,11,1,0
BRDA:186,12,0,0
BRDA:186,12,1,0
BRDA:186,13,0,0
BRDA:186,13,1,0
BRDA:199,14,0,0
BRDA:199,14,1,0
BRF:30
BRH:0
end_of_record
TN:
SF:src/stores/eventStore.js
FN:12,(anonymous_0)
FN:31,(anonymous_1)
FN:60,(anonymous_2)
FN:69,(anonymous_3)
FN:79,(anonymous_4)
FN:81,(anonymous_5)
FN:85,(anonymous_6)
FN:101,(anonymous_7)
FN:108,(anonymous_8)
FN:117,(anonymous_9)
FN:122,(anonymous_10)
FN:126,(anonymous_11)
FN:147,(anonymous_12)
FN:148,(anonymous_13)
FN:149,(anonymous_14)
FN:150,(anonymous_15)
FN:153,(anonymous_16)
FN:161,(anonymous_17)
FN:166,(anonymous_18)
FN:170,(anonymous_19)
FNF:20
FNH:0
FNDA:0,(anonymous_0)
FNDA:0,(anonymous_1)
FNDA:0,(anonymous_2)
FNDA:0,(anonymous_3)
FNDA:0,(anonymous_4)
FNDA:0,(anonymous_5)
FNDA:0,(anonymous_6)
FNDA:0,(anonymous_7)
FNDA:0,(anonymous_8)
FNDA:0,(anonymous_9)
FNDA:0,(anonymous_10)
FNDA:0,(anonymous_11)
FNDA:0,(anonymous_12)
FNDA:0,(anonymous_13)
FNDA:0,(anonymous_14)
FNDA:0,(anonymous_15)
FNDA:0,(anonymous_16)
FNDA:0,(anonymous_17)
FNDA:0,(anonymous_18)
FNDA:0,(anonymous_19)
DA:9,0
DA:12,0
DA:32,0
DA:35,0
DA:36,0
DA:37,0
DA:38,0
DA:39,0
DA:43,0
DA:44,0
DA:45,0
DA:46,0
DA:52,0
DA:56,0
DA:61,0
DA:62,0
DA:63,0
DA:65,0
DA:70,0
DA:71,0
DA:72,0
DA:74,0
DA:80,0
DA:81,0
DA:86,0
DA:87,0
DA:88,0
DA:91,0
DA:92,0
DA:93,0
DA:95,0
DA:96,0
DA:102,0
DA:103,0
DA:106,0
DA:107,0
DA:108,0
DA:109,0
DA:116,0
DA:117,0
DA:121,0
DA:122,0
DA:126,0
DA:127,0
DA:129,0
DA:131,0
DA:133,0
DA:135,0
DA:137,0
DA:139,0
DA:143,0
DA:147,0
DA:148,0
DA:149,0
DA:150,0
DA:153,0
DA:162,0
DA:166,0
DA:170,0
LF:59
LH:0
BRDA:31,0,0,0
BRDA:35,1,0,0
BRDA:35,1,1,0
BRDA:35,2,0,0
BRDA:35,2,1,0
BRDA:35,2,2,0
BRDA:37,3,0,0
BRDA:37,3,1,0
BRDA:87,4,0,0
BRDA:87,4,1,0
BRDA:106,5,0,0
BRDA:106,5,1,0
BRDA:109,6,0,0
BRDA:109,6,1,0
BRDA:109,6,2,0
BRDA:116,7,0,0
BRDA:116,7,1,0
BRDA:121,8,0,0
BRDA:121,8,1,0
BRDA:127,9,0,0
BRDA:127,9,1,0
BRDA:127,9,2,0
BRDA:127,9,3,0
BRDA:127,9,4,0
BRDA:127,9,5,0
BRF:25
BRH:0
end_of_record
TN:
SF:src/stores/uiStore.js
FN:10,(anonymous_0)
FN:22,(anonymous_1)
FN:34,(anonymous_2)
FN:41,(anonymous_3)
FN:49,(anonymous_4)
FN:50,(anonymous_5)
FN:51,(anonymous_6)
FN:55,(anonymous_7)
FN:60,(anonymous_8)
FN:64,(anonymous_9)
FN:68,(anonymous_10)
FN:72,(anonymous_11)
FN:77,(anonymous_12)
FN:78,(anonymous_13)
FN:86,(anonymous_14)
FN:87,(anonymous_15)
FN:95,(anonymous_16)
FN:100,(anonymous_17)
FN:106,(anonymous_18)
FNF:19
FNH:0
FNDA:0,(anonymous_0)
FNDA:0,(anonymous_1)
FNDA:0,(anonymous_2)
FNDA:0,(anonymous_3)
FNDA:0,(anonymous_4)
FNDA:0,(anonymous_5)
FNDA:0,(anonymous_6)
FNDA:0,(anonymous_7)
FNDA:0,(anonymous_8)
FNDA:0,(anonymous_9)
FNDA:0,(anonymous_10)
FNDA:0,(anonymous_11)
FNDA:0,(anonymous_12)
FNDA:0,(anonymous_13)
FNDA:0,(anonymous_14)
FNDA:0,(anonymous_15)
FNDA:0,(anonymous_16)
FNDA:0,(anonymous_17)
FNDA:0,(anonymous_18)
DA:8,0
DA:10,0
DA:23,0
DA:24,0
DA:26,0
DA:34,0
DA:40,0
DA:41,0
DA:42,0
DA:46,0
DA:50,0
DA:51,0
DA:56,0
DA:61,0
DA:65,0
DA:69,0
DA:73,0
DA:78,0
DA:87,0
DA:96,0
DA:97,0
DA:101,0
DA:102,0
DA:107,0
LF:24
LH:0
BRDA:22,0,0,0
BRDA:22,1,0,0
BRDA:40,2,0,0
BRDA:40,2,1,0
BRDA:77,3,0,0
BRDA:97,4,0,0
BRDA:97,4,1,0
BRDA:102,5,0,0
BRDA:102,5,1,0
BRF:9
BRH:0
end_of_record
TN:
SF:src/test-utils/mockData.js
FN:125,(anonymous_0)
FN:140,(anonymous_1)
FN:141,(anonymous_2)
FN:145,(anonymous_3)
FN:151,(anonymous_4)
FNF:5
FNH:0
FNDA:0,(anonymous_0)
FNDA:0,(anonymous_1)
FNDA:0,(anonymous_2)
FNDA:0,(anonymous_3)
FNDA:0,(anonymous_4)
DA:6,0
DA:57,0
DA:66,0
DA:74,0
DA:83,0
DA:92,0
DA:94,0
DA:100,0
DA:105,0
DA:117,0
DA:125,0
DA:140,0
DA:141,0
DA:145,0
DA:151,0
LF:15
LH:0
BRDA:125,0,0,0
BRDA:140,1,0,0
BRDA:145,2,0,0
BRDA:151,3,0,0
BRF:4
BRH:0
end_of_record
TN:
SF:src/test-utils/testHelpers.js
FN:16,(anonymous_0)
FN:58,(anonymous_1)
FN:61,(anonymous_2)
FN:62,(anonymous_3)
FN:79,(anonymous_4)
FN:96,(anonymous_5)
FN:111,(anonymous_6)
FN:118,(anonymous_7)
FN:136,(anonymous_8)
FN:149,(anonymous_9)
FN:163,(anonymous_10)
FN:171,(anonymous_11)
FN:172,(anonymous_12)
FN:181,(anonymous_13)
FN:192,(anonymous_14)
FN:195,(anonymous_15)
FN:204,(anonymous_16)
FN:215,(anonymous_17)
FN:225,(anonymous_18)
FN:229,(anonymous_19)
FN:230,(anonymous_20)
FN:233,(anonymous_21)
FN:236,(anonymous_22)
FN:237,(anonymous_23)
FN:246,(anonymous_24)
FN:248,(anonymous_25)
FNF:26
FNH:0
FNDA:0,(anonymous_0)
FNDA:0,(anonymous_1)
FNDA:0,(anonymous_2)
FNDA:0,(anonymous_3)
FNDA:0,(anonymous_4)
FNDA:0,(anonymous_5)
FNDA:0,(anonymous_6)
FNDA:0,(anonymous_7)
FNDA:0,(anonymous_8)
FNDA:0,(anonymous_9)
FNDA:0,(anonymous_10)
FNDA:0,(anonymous_11)
FNDA:0,(anonymous_12)
FNDA:0,(anonymous_13)
FNDA:0,(anonymous_14)
FNDA:0,(anonymous_15)
FNDA:0,(anonymous_16)
FNDA:0,(anonymous_17)
FNDA:0,(anonymous_18)
FNDA:0,(anonymous_19)
FNDA:0,(anonymous_20)
FNDA:0,(anonymous_21)
FNDA:0,(anonymous_22)
FNDA:0,(anonymous_23)
FNDA:0,(anonymous_24)
FNDA:0,(anonymous_25)
DA:16,0
DA:18,0
DA:32,0
DA:42,0
DA:49,0
DA:58,0
DA:59,0
DA:61,0
DA:62,0
DA:63,0
DA:64,0
DA:65,0
DA:66,0
DA:68,0
DA:71,0
DA:79,0
DA:80,0
DA:96,0
DA:97,0
DA:111,0
DA:112,0
DA:118,0
DA:119,0
DA:136,0
DA:149,0
DA:150,0
DA:151,0
DA:156,0
DA:163,0
DA:164,0
DA:171,0
DA:172,0
DA:173,0
DA:181,0
DA:192,0
DA:193,0
DA:195,0
DA:204,0
DA:205,0
DA:206,0
DA:215,0
DA:216,0
DA:225,0
DA:226,0
DA:228,0
DA:229,0
DA:231,0
DA:234,0
DA:237,0
DA:246,0
DA:247,0
DA:248,0
LF:52
LH:0
BRDA:58,0,0,0
BRDA:63,1,0,0
BRDA:63,1,1,0
BRDA:65,2,0,0
BRDA:65,2,1,0
BRDA:79,3,0,0
BRDA:111,4,0,0
BRDA:136,5,0,0
BRDA:149,6,0,0
BRDA:163,7,0,0
BRDA:192,8,0,0
BRDA:215,9,0,0
BRDA:229,10,0,0
BRDA:229,10,1,0
BRF:14
BRH:0
end_of_record
